{"/opt/comentarismoanalytics/utils.js":{"path":"/opt/comentarismoanalytics/utils.js","s":{"1":1,"2":0,"3":0,"4":0,"5":0,"6":0,"7":0,"8":0,"9":0,"10":0,"11":0,"12":0,"13":0,"14":0,"15":0,"16":0,"17":0,"18":0,"19":0,"20":0,"21":0,"22":0,"23":0,"24":0,"25":0,"26":0,"27":0,"28":0,"29":0,"30":0,"31":0,"32":0,"33":0,"34":0,"35":0,"36":0,"37":0,"38":0,"39":0,"40":0,"41":0,"42":0,"43":0,"44":0,"45":0,"46":1,"47":0,"48":0,"49":0,"50":0,"51":0,"52":0,"53":0,"54":0,"55":1},"b":{"1":[0,0],"2":[0,0],"3":[0,0],"4":[0,0],"5":[0,0],"6":[0,0],"7":[0,0],"8":[0,0],"9":[0,0],"10":[0,0],"11":[0,0],"12":[0,0]},"f":{"1":0,"2":0},"fnMap":{"1":{"name":"printErrorMsg","line":1,"loc":{"start":{"line":1,"column":0},"end":{"line":9,"column":49}}},"2":{"name":"dumpError","line":67,"loc":{"start":{"line":67,"column":16},"end":{"line":67,"column":40}}}},"statementMap":{"1":{"start":{"line":1,"column":0},"end":{"line":61,"column":1}},"2":{"start":{"line":11,"column":4},"end":{"line":11,"column":30}},"3":{"start":{"line":12,"column":4},"end":{"line":12,"column":42}},"4":{"start":{"line":13,"column":4},"end":{"line":13,"column":40}},"5":{"start":{"line":14,"column":4},"end":{"line":14,"column":40}},"6":{"start":{"line":15,"column":4},"end":{"line":15,"column":38}},"7":{"start":{"line":16,"column":4},"end":{"line":16,"column":32}},"8":{"start":{"line":17,"column":4},"end":{"line":17,"column":32}},"9":{"start":{"line":18,"column":4},"end":{"line":18,"column":44}},"10":{"start":{"line":19,"column":4},"end":{"line":19,"column":60}},"11":{"start":{"line":21,"column":4},"end":{"line":21,"column":23}},"12":{"start":{"line":23,"column":4},"end":{"line":23,"column":50}},"13":{"start":{"line":25,"column":4},"end":{"line":52,"column":5}},"14":{"start":{"line":26,"column":8},"end":{"line":26,"column":60}},"15":{"start":{"line":27,"column":8},"end":{"line":27,"column":33}},"16":{"start":{"line":28,"column":11},"end":{"line":52,"column":5}},"17":{"start":{"line":29,"column":8},"end":{"line":29,"column":72}},"18":{"start":{"line":30,"column":8},"end":{"line":30,"column":39}},"19":{"start":{"line":31,"column":11},"end":{"line":52,"column":5}},"20":{"start":{"line":32,"column":8},"end":{"line":32,"column":70}},"21":{"start":{"line":33,"column":8},"end":{"line":33,"column":38}},"22":{"start":{"line":34,"column":11},"end":{"line":52,"column":5}},"23":{"start":{"line":35,"column":8},"end":{"line":35,"column":70}},"24":{"start":{"line":36,"column":8},"end":{"line":36,"column":38}},"25":{"start":{"line":37,"column":11},"end":{"line":52,"column":5}},"26":{"start":{"line":38,"column":8},"end":{"line":38,"column":68}},"27":{"start":{"line":39,"column":8},"end":{"line":39,"column":37}},"28":{"start":{"line":40,"column":11},"end":{"line":52,"column":5}},"29":{"start":{"line":41,"column":8},"end":{"line":41,"column":62}},"30":{"start":{"line":42,"column":8},"end":{"line":42,"column":34}},"31":{"start":{"line":43,"column":11},"end":{"line":52,"column":5}},"32":{"start":{"line":44,"column":8},"end":{"line":44,"column":62}},"33":{"start":{"line":45,"column":8},"end":{"line":45,"column":34}},"34":{"start":{"line":46,"column":11},"end":{"line":52,"column":5}},"35":{"start":{"line":47,"column":8},"end":{"line":47,"column":74}},"36":{"start":{"line":48,"column":8},"end":{"line":48,"column":40}},"37":{"start":{"line":49,"column":11},"end":{"line":52,"column":5}},"38":{"start":{"line":50,"column":8},"end":{"line":50,"column":90}},"39":{"start":{"line":51,"column":8},"end":{"line":51,"column":48}},"40":{"start":{"line":54,"column":4},"end":{"line":54,"column":80}},"41":{"start":{"line":55,"column":4},"end":{"line":55,"column":50}},"42":{"start":{"line":56,"column":4},"end":{"line":56,"column":36}},"43":{"start":{"line":57,"column":4},"end":{"line":57,"column":50}},"44":{"start":{"line":58,"column":4},"end":{"line":58,"column":103}},"45":{"start":{"line":60,"column":4},"end":{"line":60,"column":21}},"46":{"start":{"line":67,"column":0},"end":{"line":80,"column":2}},"47":{"start":{"line":68,"column":4},"end":{"line":79,"column":5}},"48":{"start":{"line":69,"column":8},"end":{"line":71,"column":9}},"49":{"start":{"line":70,"column":12},"end":{"line":70,"column":52}},"50":{"start":{"line":72,"column":8},"end":{"line":76,"column":9}},"51":{"start":{"line":73,"column":12},"end":{"line":73,"column":40}},"52":{"start":{"line":74,"column":12},"end":{"line":74,"column":47}},"53":{"start":{"line":75,"column":12},"end":{"line":75,"column":35}},"54":{"start":{"line":78,"column":8},"end":{"line":78,"column":62}},"55":{"start":{"line":82,"column":0},"end":{"line":85,"column":1}}},"branchMap":{"1":{"line":25,"type":"if","locations":[{"start":{"line":25,"column":4},"end":{"line":25,"column":4}},{"start":{"line":25,"column":4},"end":{"line":25,"column":4}}]},"2":{"line":28,"type":"if","locations":[{"start":{"line":28,"column":11},"end":{"line":28,"column":11}},{"start":{"line":28,"column":11},"end":{"line":28,"column":11}}]},"3":{"line":31,"type":"if","locations":[{"start":{"line":31,"column":11},"end":{"line":31,"column":11}},{"start":{"line":31,"column":11},"end":{"line":31,"column":11}}]},"4":{"line":34,"type":"if","locations":[{"start":{"line":34,"column":11},"end":{"line":34,"column":11}},{"start":{"line":34,"column":11},"end":{"line":34,"column":11}}]},"5":{"line":37,"type":"if","locations":[{"start":{"line":37,"column":11},"end":{"line":37,"column":11}},{"start":{"line":37,"column":11},"end":{"line":37,"column":11}}]},"6":{"line":40,"type":"if","locations":[{"start":{"line":40,"column":11},"end":{"line":40,"column":11}},{"start":{"line":40,"column":11},"end":{"line":40,"column":11}}]},"7":{"line":43,"type":"if","locations":[{"start":{"line":43,"column":11},"end":{"line":43,"column":11}},{"start":{"line":43,"column":11},"end":{"line":43,"column":11}}]},"8":{"line":46,"type":"if","locations":[{"start":{"line":46,"column":11},"end":{"line":46,"column":11}},{"start":{"line":46,"column":11},"end":{"line":46,"column":11}}]},"9":{"line":49,"type":"if","locations":[{"start":{"line":49,"column":11},"end":{"line":49,"column":11}},{"start":{"line":49,"column":11},"end":{"line":49,"column":11}}]},"10":{"line":68,"type":"if","locations":[{"start":{"line":68,"column":4},"end":{"line":68,"column":4}},{"start":{"line":68,"column":4},"end":{"line":68,"column":4}}]},"11":{"line":69,"type":"if","locations":[{"start":{"line":69,"column":8},"end":{"line":69,"column":8}},{"start":{"line":69,"column":8},"end":{"line":69,"column":8}}]},"12":{"line":72,"type":"if","locations":[{"start":{"line":72,"column":8},"end":{"line":72,"column":8}},{"start":{"line":72,"column":8},"end":{"line":72,"column":8}}]}}},"/opt/comentarismoanalytics/app.js":{"path":"/opt/comentarismoanalytics/app.js","s":{"1":0,"2":0,"3":0,"4":0,"5":0,"6":0,"7":0,"8":0,"9":0,"10":0,"11":0,"12":0,"13":0,"14":0,"15":0,"16":0,"17":0,"18":0,"19":0,"20":0,"21":0,"22":0,"23":0,"24":0,"25":0,"26":0,"27":0,"28":0,"29":0,"30":0,"31":0,"32":0,"33":0,"34":0,"35":0,"36":0,"37":0,"38":0,"39":0,"40":0,"41":0,"42":0,"43":0,"44":0,"45":0,"46":0,"47":0,"48":0,"49":0,"50":0,"51":0,"52":0,"53":0,"54":0,"55":0,"56":0,"57":0,"58":0,"59":0,"60":0,"61":0,"62":0,"63":0,"64":0,"65":0,"66":0,"67":0,"68":0,"69":0,"70":0,"71":0,"72":0,"73":0,"74":0,"75":0,"76":0,"77":0,"78":0,"79":0,"80":0,"81":0,"82":0,"83":0,"84":0,"85":0,"86":0,"87":0,"88":0,"89":0,"90":0,"91":0,"92":0,"93":0,"94":0},"b":{"1":[0,0],"2":[0,0],"3":[0,0],"4":[0,0],"5":[0,0],"6":[0,0],"7":[0,0],"8":[0,0],"9":[0,0],"10":[0,0],"11":[0,0],"12":[0,0],"13":[0,0],"14":[0,0],"15":[0,0],"16":[0,0],"17":[0,0],"18":[0,0],"19":[0,0],"20":[0,0],"21":[0,0],"22":[0,0],"23":[0,0],"24":[0,0]},"f":{"1":0,"2":0,"3":0,"4":0,"5":0,"6":0,"7":0,"8":0,"9":0,"10":0,"11":0,"12":0,"13":0,"14":0},"fnMap":{"1":{"name":"(anonymous_1)","line":47,"loc":{"start":{"line":47,"column":20},"end":{"line":47,"column":39}}},"2":{"name":"(anonymous_2)","line":66,"loc":{"start":{"line":66,"column":21},"end":{"line":66,"column":33}}},"3":{"name":"(anonymous_3)","line":71,"loc":{"start":{"line":71,"column":19},"end":{"line":71,"column":34}}},"4":{"name":"(anonymous_4)","line":109,"loc":{"start":{"line":109,"column":53},"end":{"line":109,"column":74}}},"5":{"name":"limiterhandler","line":117,"loc":{"start":{"line":117,"column":0},"end":{"line":117,"column":34}}},"6":{"name":"(anonymous_6)","line":129,"loc":{"start":{"line":129,"column":22},"end":{"line":129,"column":42}}},"7":{"name":"(anonymous_7)","line":135,"loc":{"start":{"line":135,"column":26},"end":{"line":135,"column":43}}},"8":{"name":"(anonymous_8)","line":142,"loc":{"start":{"line":142,"column":14},"end":{"line":142,"column":26}}},"9":{"name":"(anonymous_9)","line":145,"loc":{"start":{"line":145,"column":14},"end":{"line":145,"column":26}}},"10":{"name":"(anonymous_10)","line":152,"loc":{"start":{"line":152,"column":38},"end":{"line":152,"column":58}}},"11":{"name":"(anonymous_11)","line":175,"loc":{"start":{"line":175,"column":27},"end":{"line":175,"column":42}}},"12":{"name":"persistView","line":193,"loc":{"start":{"line":193,"column":0},"end":{"line":193,"column":31}}},"13":{"name":"(anonymous_13)","line":202,"loc":{"start":{"line":202,"column":18},"end":{"line":202,"column":35}}},"14":{"name":"(anonymous_14)","line":204,"loc":{"start":{"line":204,"column":13},"end":{"line":204,"column":26}}}},"statementMap":{"1":{"start":{"line":7,"column":0},"end":{"line":7,"column":38}},"2":{"start":{"line":8,"column":0},"end":{"line":8,"column":29}},"3":{"start":{"line":9,"column":0},"end":{"line":9,"column":34}},"4":{"start":{"line":11,"column":0},"end":{"line":11,"column":33}},"5":{"start":{"line":12,"column":0},"end":{"line":12,"column":31}},"6":{"start":{"line":14,"column":0},"end":{"line":14,"column":47}},"7":{"start":{"line":16,"column":0},"end":{"line":16,"column":54}},"8":{"start":{"line":17,"column":0},"end":{"line":17,"column":60}},"9":{"start":{"line":18,"column":0},"end":{"line":18,"column":57}},"10":{"start":{"line":19,"column":0},"end":{"line":19,"column":52}},"11":{"start":{"line":21,"column":0},"end":{"line":21,"column":61}},"12":{"start":{"line":23,"column":0},"end":{"line":23,"column":52}},"13":{"start":{"line":24,"column":0},"end":{"line":24,"column":48}},"14":{"start":{"line":25,"column":0},"end":{"line":25,"column":54}},"15":{"start":{"line":26,"column":0},"end":{"line":26,"column":44}},"16":{"start":{"line":28,"column":0},"end":{"line":28,"column":109}},"17":{"start":{"line":30,"column":0},"end":{"line":30,"column":36}},"18":{"start":{"line":32,"column":0},"end":{"line":35,"column":46}},"19":{"start":{"line":37,"column":0},"end":{"line":37,"column":20}},"20":{"start":{"line":39,"column":0},"end":{"line":39,"column":20}},"21":{"start":{"line":40,"column":0},"end":{"line":40,"column":22}},"22":{"start":{"line":42,"column":0},"end":{"line":42,"column":29}},"23":{"start":{"line":45,"column":0},"end":{"line":64,"column":3}},"24":{"start":{"line":49,"column":8},"end":{"line":52,"column":9}},"25":{"start":{"line":51,"column":12},"end":{"line":51,"column":66}},"26":{"start":{"line":53,"column":8},"end":{"line":56,"column":9}},"27":{"start":{"line":55,"column":12},"end":{"line":55,"column":53}},"28":{"start":{"line":57,"column":8},"end":{"line":60,"column":9}},"29":{"start":{"line":59,"column":12},"end":{"line":59,"column":29}},"30":{"start":{"line":62,"column":8},"end":{"line":62,"column":53}},"31":{"start":{"line":66,"column":0},"end":{"line":69,"column":3}},"32":{"start":{"line":67,"column":4},"end":{"line":67,"column":80}},"33":{"start":{"line":68,"column":4},"end":{"line":68,"column":52}},"34":{"start":{"line":71,"column":0},"end":{"line":73,"column":3}},"35":{"start":{"line":72,"column":4},"end":{"line":72,"column":32}},"36":{"start":{"line":75,"column":0},"end":{"line":75,"column":48}},"37":{"start":{"line":76,"column":0},"end":{"line":76,"column":42}},"38":{"start":{"line":78,"column":0},"end":{"line":78,"column":49}},"39":{"start":{"line":79,"column":0},"end":{"line":79,"column":43}},"40":{"start":{"line":80,"column":0},"end":{"line":80,"column":46}},"41":{"start":{"line":82,"column":0},"end":{"line":90,"column":3}},"42":{"start":{"line":93,"column":0},"end":{"line":102,"column":3}},"43":{"start":{"line":104,"column":0},"end":{"line":104,"column":25}},"44":{"start":{"line":105,"column":0},"end":{"line":105,"column":27}},"45":{"start":{"line":107,"column":0},"end":{"line":107,"column":19}},"46":{"start":{"line":108,"column":0},"end":{"line":108,"column":23}},"47":{"start":{"line":109,"column":0},"end":{"line":115,"column":3}},"48":{"start":{"line":110,"column":4},"end":{"line":114,"column":5}},"49":{"start":{"line":111,"column":8},"end":{"line":111,"column":25}},"50":{"start":{"line":113,"column":8},"end":{"line":113,"column":57}},"51":{"start":{"line":117,"column":0},"end":{"line":149,"column":1}},"52":{"start":{"line":118,"column":4},"end":{"line":118,"column":47}},"53":{"start":{"line":119,"column":4},"end":{"line":119,"column":26}},"54":{"start":{"line":120,"column":4},"end":{"line":120,"column":45}},"55":{"start":{"line":123,"column":4},"end":{"line":139,"column":7}},"56":{"start":{"line":130,"column":8},"end":{"line":138,"column":9}},"57":{"start":{"line":132,"column":12},"end":{"line":137,"column":14}},"58":{"start":{"line":141,"column":4},"end":{"line":148,"column":7}},"59":{"start":{"line":143,"column":12},"end":{"line":143,"column":43}},"60":{"start":{"line":146,"column":12},"end":{"line":146,"column":118}},"61":{"start":{"line":152,"column":0},"end":{"line":191,"column":3}},"62":{"start":{"line":153,"column":4},"end":{"line":153,"column":39}},"63":{"start":{"line":155,"column":4},"end":{"line":155,"column":27}},"64":{"start":{"line":156,"column":4},"end":{"line":159,"column":5}},"65":{"start":{"line":157,"column":8},"end":{"line":157,"column":53}},"66":{"start":{"line":158,"column":8},"end":{"line":158,"column":64}},"67":{"start":{"line":160,"column":4},"end":{"line":160,"column":18}},"68":{"start":{"line":162,"column":4},"end":{"line":162,"column":26}},"69":{"start":{"line":163,"column":4},"end":{"line":167,"column":5}},"70":{"start":{"line":164,"column":8},"end":{"line":164,"column":22}},"71":{"start":{"line":166,"column":8},"end":{"line":166,"column":54}},"72":{"start":{"line":169,"column":4},"end":{"line":169,"column":23}},"73":{"start":{"line":172,"column":4},"end":{"line":189,"column":5}},"74":{"start":{"line":175,"column":8},"end":{"line":184,"column":11}},"75":{"start":{"line":176,"column":12},"end":{"line":182,"column":13}},"76":{"start":{"line":177,"column":16},"end":{"line":177,"column":57}},"77":{"start":{"line":178,"column":16},"end":{"line":178,"column":67}},"78":{"start":{"line":180,"column":16},"end":{"line":180,"column":55}},"79":{"start":{"line":181,"column":16},"end":{"line":181,"column":47}},"80":{"start":{"line":187,"column":8},"end":{"line":187,"column":65}},"81":{"start":{"line":188,"column":8},"end":{"line":188,"column":61}},"82":{"start":{"line":193,"column":0},"end":{"line":209,"column":1}},"83":{"start":{"line":194,"column":4},"end":{"line":194,"column":36}},"84":{"start":{"line":195,"column":4},"end":{"line":197,"column":5}},"85":{"start":{"line":196,"column":8},"end":{"line":196,"column":23}},"86":{"start":{"line":199,"column":4},"end":{"line":207,"column":7}},"87":{"start":{"line":203,"column":8},"end":{"line":203,"column":13}},"88":{"start":{"line":205,"column":8},"end":{"line":205,"column":34}},"89":{"start":{"line":206,"column":8},"end":{"line":206,"column":14}},"90":{"start":{"line":212,"column":0},"end":{"line":212,"column":17}},"91":{"start":{"line":213,"column":0},"end":{"line":213,"column":36}},"92":{"start":{"line":216,"column":0},"end":{"line":216,"column":24}},"93":{"start":{"line":218,"column":0},"end":{"line":218,"column":17}},"94":{"start":{"line":219,"column":0},"end":{"line":219,"column":51}}},"branchMap":{"1":{"line":14,"type":"binary-expr","locations":[{"start":{"line":14,"column":20},"end":{"line":14,"column":37}},{"start":{"line":14,"column":41},"end":{"line":14,"column":46}}]},"2":{"line":16,"type":"binary-expr","locations":[{"start":{"line":16,"column":19},"end":{"line":16,"column":43}},{"start":{"line":16,"column":47},"end":{"line":16,"column":53}}]},"3":{"line":17,"type":"binary-expr","locations":[{"start":{"line":17,"column":21},"end":{"line":17,"column":47}},{"start":{"line":17,"column":51},"end":{"line":17,"column":59}}]},"4":{"line":18,"type":"binary-expr","locations":[{"start":{"line":18,"column":21},"end":{"line":18,"column":47}},{"start":{"line":18,"column":51},"end":{"line":18,"column":56}}]},"5":{"line":19,"type":"binary-expr","locations":[{"start":{"line":19,"column":20},"end":{"line":19,"column":45}},{"start":{"line":19,"column":49},"end":{"line":19,"column":51}}]},"6":{"line":21,"type":"binary-expr","locations":[{"start":{"line":21,"column":24},"end":{"line":21,"column":53}},{"start":{"line":21,"column":57},"end":{"line":21,"column":60}}]},"7":{"line":23,"type":"binary-expr","locations":[{"start":{"line":23,"column":17},"end":{"line":23,"column":39}},{"start":{"line":23,"column":43},"end":{"line":23,"column":51}}]},"8":{"line":24,"type":"binary-expr","locations":[{"start":{"line":24,"column":17},"end":{"line":24,"column":39}},{"start":{"line":24,"column":43},"end":{"line":24,"column":47}}]},"9":{"line":25,"type":"binary-expr","locations":[{"start":{"line":25,"column":21},"end":{"line":25,"column":47}},{"start":{"line":25,"column":51},"end":{"line":25,"column":53}}]},"10":{"line":30,"type":"binary-expr","locations":[{"start":{"line":30,"column":11},"end":{"line":30,"column":27}},{"start":{"line":30,"column":31},"end":{"line":30,"column":35}}]},"11":{"line":49,"type":"if","locations":[{"start":{"line":49,"column":8},"end":{"line":49,"column":8}},{"start":{"line":49,"column":8},"end":{"line":49,"column":8}}]},"12":{"line":49,"type":"binary-expr","locations":[{"start":{"line":49,"column":12},"end":{"line":49,"column":25}},{"start":{"line":49,"column":29},"end":{"line":49,"column":66}}]},"13":{"line":53,"type":"if","locations":[{"start":{"line":53,"column":8},"end":{"line":53,"column":8}},{"start":{"line":53,"column":8},"end":{"line":53,"column":8}}]},"14":{"line":57,"type":"if","locations":[{"start":{"line":57,"column":8},"end":{"line":57,"column":8}},{"start":{"line":57,"column":8},"end":{"line":57,"column":8}}]},"15":{"line":78,"type":"binary-expr","locations":[{"start":{"line":78,"column":18},"end":{"line":78,"column":42}},{"start":{"line":78,"column":46},"end":{"line":78,"column":48}}]},"16":{"line":79,"type":"binary-expr","locations":[{"start":{"line":79,"column":15},"end":{"line":79,"column":36}},{"start":{"line":79,"column":40},"end":{"line":79,"column":42}}]},"17":{"line":80,"type":"binary-expr","locations":[{"start":{"line":80,"column":17},"end":{"line":80,"column":40}},{"start":{"line":80,"column":44},"end":{"line":80,"column":45}}]},"18":{"line":110,"type":"if","locations":[{"start":{"line":110,"column":4},"end":{"line":110,"column":4}},{"start":{"line":110,"column":4},"end":{"line":110,"column":4}}]},"19":{"line":130,"type":"if","locations":[{"start":{"line":130,"column":8},"end":{"line":130,"column":8}},{"start":{"line":130,"column":8},"end":{"line":130,"column":8}}]},"20":{"line":156,"type":"if","locations":[{"start":{"line":156,"column":4},"end":{"line":156,"column":4}},{"start":{"line":156,"column":4},"end":{"line":156,"column":4}}]},"21":{"line":163,"type":"if","locations":[{"start":{"line":163,"column":4},"end":{"line":163,"column":4}},{"start":{"line":163,"column":4},"end":{"line":163,"column":4}}]},"22":{"line":172,"type":"if","locations":[{"start":{"line":172,"column":4},"end":{"line":172,"column":4}},{"start":{"line":172,"column":4},"end":{"line":172,"column":4}}]},"23":{"line":176,"type":"if","locations":[{"start":{"line":176,"column":12},"end":{"line":176,"column":12}},{"start":{"line":176,"column":12},"end":{"line":176,"column":12}}]},"24":{"line":195,"type":"if","locations":[{"start":{"line":195,"column":4},"end":{"line":195,"column":4}},{"start":{"line":195,"column":4},"end":{"line":195,"column":4}}]}}},"/opt/comentarismoanalytics/app/routes.js":{"path":"/opt/comentarismoanalytics/app/routes.js","s":{"1":0,"2":0,"3":0,"4":0,"5":0,"6":0,"7":0,"8":0,"9":0},"b":{"1":[0,0]},"f":{"1":0,"2":0,"3":0},"fnMap":{"1":{"name":"(anonymous_1)","line":3,"loc":{"start":{"line":3,"column":17},"end":{"line":3,"column":32}}},"2":{"name":"(anonymous_2)","line":6,"loc":{"start":{"line":6,"column":52},"end":{"line":6,"column":77}}},"3":{"name":"(anonymous_3)","line":10,"loc":{"start":{"line":10,"column":19},"end":{"line":10,"column":36}}}},"statementMap":{"1":{"start":{"line":1,"column":0},"end":{"line":1,"column":36}},"2":{"start":{"line":3,"column":0},"end":{"line":16,"column":2}},"3":{"start":{"line":5,"column":4},"end":{"line":5,"column":18}},"4":{"start":{"line":6,"column":4},"end":{"line":8,"column":7}},"5":{"start":{"line":7,"column":8},"end":{"line":7,"column":40}},"6":{"start":{"line":10,"column":4},"end":{"line":14,"column":7}},"7":{"start":{"line":11,"column":8},"end":{"line":11,"column":55}},"8":{"start":{"line":12,"column":8},"end":{"line":12,"column":101}},"9":{"start":{"line":13,"column":8},"end":{"line":13,"column":26}}},"branchMap":{"1":{"line":1,"type":"binary-expr","locations":[{"start":{"line":1,"column":11},"end":{"line":1,"column":27}},{"start":{"line":1,"column":31},"end":{"line":1,"column":35}}]}}},"/opt/comentarismoanalytics/express-rate-limit.js":{"path":"/opt/comentarismoanalytics/express-rate-limit.js","s":{"1":0,"2":0,"3":0,"4":0,"5":0,"6":0,"7":0,"8":0,"9":0,"10":0,"11":0,"12":0,"13":0,"14":0,"15":0,"16":0,"17":0,"18":0,"19":0,"20":0,"21":0,"22":0,"23":0,"24":0,"25":0,"26":0,"27":0,"28":0,"29":0,"30":0,"31":0,"32":0,"33":0,"34":0,"35":0,"36":0,"37":0,"38":0,"39":0,"40":0,"41":0,"42":0,"43":0,"44":0,"45":0,"46":0,"47":0,"48":0,"49":0,"50":0,"51":0,"52":0,"53":0,"54":0,"55":0,"56":0},"b":{"1":[0,0],"2":[0,0],"3":[0,0],"4":[0,0],"5":[0,0],"6":[0,0],"7":[0,0],"8":[0,0],"9":[0,0],"10":[0,0,0,0],"11":[0,0],"12":[0,0,0],"13":[0,0],"14":[0,0],"15":[0,0],"16":[0,0],"17":[0,0],"18":[0,0],"19":[0,0],"20":[0,0],"21":[0,0],"22":[0,0,0]},"f":{"1":0,"2":0,"3":0,"4":0,"5":0,"6":0,"7":0},"fnMap":{"1":{"name":"RateLimit","line":40,"loc":{"start":{"line":40,"column":0},"end":{"line":40,"column":28}}},"2":{"name":"(anonymous_2)","line":52,"loc":{"start":{"line":52,"column":22},"end":{"line":52,"column":47}}},"3":{"name":"(anonymous_3)","line":55,"loc":{"start":{"line":55,"column":17},"end":{"line":55,"column":48}}},"4":{"name":"(anonymous_4)","line":57,"loc":{"start":{"line":57,"column":22},"end":{"line":57,"column":34}}},"5":{"name":"(anonymous_5)","line":60,"loc":{"start":{"line":60,"column":22},"end":{"line":60,"column":34}}},"6":{"name":"rateLimit","line":77,"loc":{"start":{"line":77,"column":4},"end":{"line":77,"column":39}}},"7":{"name":"(anonymous_7)","line":98,"loc":{"start":{"line":98,"column":31},"end":{"line":98,"column":55}}}},"statementMap":{"1":{"start":{"line":4,"column":0},"end":{"line":4,"column":35}},"2":{"start":{"line":5,"column":0},"end":{"line":5,"column":25}},"3":{"start":{"line":7,"column":0},"end":{"line":7,"column":45}},"4":{"start":{"line":9,"column":0},"end":{"line":9,"column":59}},"5":{"start":{"line":10,"column":0},"end":{"line":10,"column":56}},"6":{"start":{"line":11,"column":0},"end":{"line":11,"column":51}},"7":{"start":{"line":13,"column":0},"end":{"line":13,"column":84}},"8":{"start":{"line":14,"column":0},"end":{"line":14,"column":57}},"9":{"start":{"line":16,"column":0},"end":{"line":16,"column":33}},"10":{"start":{"line":17,"column":0},"end":{"line":27,"column":3}},"11":{"start":{"line":29,"column":0},"end":{"line":31,"column":2}},"12":{"start":{"line":32,"column":0},"end":{"line":32,"column":68}},"13":{"start":{"line":33,"column":0},"end":{"line":38,"column":2}},"14":{"start":{"line":40,"column":0},"end":{"line":160,"column":1}},"15":{"start":{"line":42,"column":4},"end":{"line":65,"column":7}},"16":{"start":{"line":53,"column":12},"end":{"line":53,"column":26}},"17":{"start":{"line":56,"column":12},"end":{"line":63,"column":15}},"18":{"start":{"line":58,"column":20},"end":{"line":58,"column":72}},"19":{"start":{"line":61,"column":20},"end":{"line":61,"column":84}},"20":{"start":{"line":68,"column":4},"end":{"line":70,"column":5}},"21":{"start":{"line":69,"column":8},"end":{"line":69,"column":51}},"22":{"start":{"line":72,"column":4},"end":{"line":74,"column":5}},"23":{"start":{"line":73,"column":8},"end":{"line":73,"column":85}},"24":{"start":{"line":77,"column":4},"end":{"line":152,"column":5}},"25":{"start":{"line":78,"column":8},"end":{"line":78,"column":51}},"26":{"start":{"line":81,"column":8},"end":{"line":91,"column":9}},"27":{"start":{"line":90,"column":12},"end":{"line":90,"column":26}},"28":{"start":{"line":92,"column":8},"end":{"line":92,"column":30}},"29":{"start":{"line":93,"column":8},"end":{"line":96,"column":9}},"30":{"start":{"line":95,"column":12},"end":{"line":95,"column":26}},"31":{"start":{"line":98,"column":8},"end":{"line":151,"column":11}},"32":{"start":{"line":99,"column":12},"end":{"line":101,"column":13}},"33":{"start":{"line":100,"column":16},"end":{"line":100,"column":33}},"34":{"start":{"line":103,"column":12},"end":{"line":106,"column":14}},"35":{"start":{"line":108,"column":12},"end":{"line":111,"column":13}},"36":{"start":{"line":109,"column":16},"end":{"line":109,"column":64}},"37":{"start":{"line":110,"column":16},"end":{"line":110,"column":80}},"38":{"start":{"line":112,"column":12},"end":{"line":112,"column":26}},"39":{"start":{"line":113,"column":12},"end":{"line":118,"column":13}},"40":{"start":{"line":114,"column":16},"end":{"line":114,"column":90}},"41":{"start":{"line":115,"column":16},"end":{"line":115,"column":26}},"42":{"start":{"line":117,"column":16},"end":{"line":117,"column":90}},"43":{"start":{"line":120,"column":12},"end":{"line":129,"column":14}},"44":{"start":{"line":132,"column":12},"end":{"line":134,"column":15}},"45":{"start":{"line":136,"column":12},"end":{"line":138,"column":15}},"46":{"start":{"line":137,"column":16},"end":{"line":137,"column":35}},"47":{"start":{"line":140,"column":12},"end":{"line":142,"column":13}},"48":{"start":{"line":141,"column":16},"end":{"line":141,"column":55}},"49":{"start":{"line":144,"column":12},"end":{"line":147,"column":13}},"50":{"start":{"line":145,"column":16},"end":{"line":145,"column":77}},"51":{"start":{"line":146,"column":16},"end":{"line":146,"column":47}},"52":{"start":{"line":149,"column":12},"end":{"line":149,"column":19}},"53":{"start":{"line":154,"column":4},"end":{"line":154,"column":68}},"54":{"start":{"line":157,"column":4},"end":{"line":157,"column":43}},"55":{"start":{"line":159,"column":4},"end":{"line":159,"column":21}},"56":{"start":{"line":162,"column":0},"end":{"line":162,"column":27}}},"branchMap":{"1":{"line":9,"type":"binary-expr","locations":[{"start":{"line":9,"column":20},"end":{"line":9,"column":46}},{"start":{"line":9,"column":50},"end":{"line":9,"column":58}}]},"2":{"line":10,"type":"binary-expr","locations":[{"start":{"line":10,"column":20},"end":{"line":10,"column":46}},{"start":{"line":10,"column":50},"end":{"line":10,"column":55}}]},"3":{"line":11,"type":"binary-expr","locations":[{"start":{"line":11,"column":19},"end":{"line":11,"column":44}},{"start":{"line":11,"column":48},"end":{"line":11,"column":50}}]},"4":{"line":13,"type":"binary-expr","locations":[{"start":{"line":13,"column":28},"end":{"line":13,"column":61}},{"start":{"line":13,"column":65},"end":{"line":13,"column":83}}]},"5":{"line":14,"type":"binary-expr","locations":[{"start":{"line":14,"column":20},"end":{"line":14,"column":49}},{"start":{"line":14,"column":53},"end":{"line":14,"column":56}}]},"6":{"line":68,"type":"if","locations":[{"start":{"line":68,"column":4},"end":{"line":68,"column":4}},{"start":{"line":68,"column":4},"end":{"line":68,"column":4}}]},"7":{"line":68,"type":"binary-expr","locations":[{"start":{"line":68,"column":8},"end":{"line":68,"column":48}},{"start":{"line":68,"column":52},"end":{"line":68,"column":96}}]},"8":{"line":72,"type":"if","locations":[{"start":{"line":72,"column":4},"end":{"line":72,"column":4}},{"start":{"line":72,"column":4},"end":{"line":72,"column":4}}]},"9":{"line":81,"type":"if","locations":[{"start":{"line":81,"column":8},"end":{"line":81,"column":8}},{"start":{"line":81,"column":8},"end":{"line":81,"column":8}}]},"10":{"line":81,"type":"binary-expr","locations":[{"start":{"line":81,"column":12},"end":{"line":81,"column":20}},{"start":{"line":83,"column":16},"end":{"line":83,"column":51}},{"start":{"line":85,"column":16},"end":{"line":85,"column":50}},{"start":{"line":87,"column":16},"end":{"line":87,"column":55}}]},"11":{"line":93,"type":"if","locations":[{"start":{"line":93,"column":8},"end":{"line":93,"column":8}},{"start":{"line":93,"column":8},"end":{"line":93,"column":8}}]},"12":{"line":93,"type":"binary-expr","locations":[{"start":{"line":93,"column":12},"end":{"line":93,"column":15}},{"start":{"line":93,"column":19},"end":{"line":93,"column":21}},{"start":{"line":93,"column":25},"end":{"line":93,"column":55}}]},"13":{"line":99,"type":"if","locations":[{"start":{"line":99,"column":12},"end":{"line":99,"column":12}},{"start":{"line":99,"column":12},"end":{"line":99,"column":12}}]},"14":{"line":108,"type":"if","locations":[{"start":{"line":108,"column":12},"end":{"line":108,"column":12}},{"start":{"line":108,"column":12},"end":{"line":108,"column":12}}]},"15":{"line":113,"type":"if","locations":[{"start":{"line":113,"column":12},"end":{"line":113,"column":12}},{"start":{"line":113,"column":12},"end":{"line":113,"column":12}}]},"16":{"line":125,"type":"binary-expr","locations":[{"start":{"line":125,"column":36},"end":{"line":125,"column":59}},{"start":{"line":125,"column":63},"end":{"line":125,"column":64}}]},"17":{"line":126,"type":"binary-expr","locations":[{"start":{"line":126,"column":30},"end":{"line":126,"column":41}},{"start":{"line":126,"column":45},"end":{"line":126,"column":46}}]},"18":{"line":127,"type":"binary-expr","locations":[{"start":{"line":127,"column":32},"end":{"line":127,"column":37}},{"start":{"line":127,"column":41},"end":{"line":127,"column":42}}]},"19":{"line":140,"type":"if","locations":[{"start":{"line":140,"column":12},"end":{"line":140,"column":12}},{"start":{"line":140,"column":12},"end":{"line":140,"column":12}}]},"20":{"line":140,"type":"binary-expr","locations":[{"start":{"line":140,"column":16},"end":{"line":140,"column":27}},{"start":{"line":140,"column":31},"end":{"line":140,"column":52}}]},"21":{"line":144,"type":"if","locations":[{"start":{"line":144,"column":12},"end":{"line":144,"column":12}},{"start":{"line":144,"column":12},"end":{"line":144,"column":12}}]},"22":{"line":144,"type":"binary-expr","locations":[{"start":{"line":144,"column":16},"end":{"line":144,"column":34}},{"start":{"line":144,"column":38},"end":{"line":144,"column":53}},{"start":{"line":144,"column":57},"end":{"line":144,"column":85}}]}}},"/opt/comentarismoanalytics/redis-store.js":{"path":"/opt/comentarismoanalytics/redis-store.js","s":{"1":0,"2":0,"3":0,"4":0,"5":0,"6":0,"7":0,"8":0,"9":0,"10":0,"11":0,"12":0,"13":0,"14":0,"15":0,"16":0,"17":0,"18":0,"19":0},"b":{"1":[0,0],"2":[0,0],"3":[0,0,0],"4":[0,0],"5":[0,0],"6":[0,0]},"f":{"1":0,"2":0,"3":0,"4":0},"fnMap":{"1":{"name":"(anonymous_1)","line":6,"loc":{"start":{"line":6,"column":17},"end":{"line":6,"column":36}}},"2":{"name":"(anonymous_2)","line":15,"loc":{"start":{"line":15,"column":16},"end":{"line":15,"column":35}}},"3":{"name":"(anonymous_3)","line":31,"loc":{"start":{"line":31,"column":18},"end":{"line":31,"column":42}}},"4":{"name":"(anonymous_4)","line":46,"loc":{"start":{"line":46,"column":20},"end":{"line":46,"column":35}}}},"statementMap":{"1":{"start":{"line":3,"column":0},"end":{"line":3,"column":35}},"2":{"start":{"line":4,"column":0},"end":{"line":4,"column":29}},"3":{"start":{"line":6,"column":0},"end":{"line":51,"column":2}},"4":{"start":{"line":7,"column":4},"end":{"line":10,"column":7}},"5":{"start":{"line":13,"column":4},"end":{"line":13,"column":60}},"6":{"start":{"line":15,"column":4},"end":{"line":44,"column":6}},"7":{"start":{"line":16,"column":8},"end":{"line":16,"column":42}},"8":{"start":{"line":18,"column":8},"end":{"line":26,"column":9}},"9":{"start":{"line":25,"column":12},"end":{"line":25,"column":32}},"10":{"start":{"line":28,"column":8},"end":{"line":43,"column":15}},"11":{"start":{"line":32,"column":16},"end":{"line":34,"column":17}},"12":{"start":{"line":33,"column":20},"end":{"line":33,"column":35}},"13":{"start":{"line":37,"column":16},"end":{"line":40,"column":17}},"14":{"start":{"line":39,"column":20},"end":{"line":39,"column":66}},"15":{"start":{"line":42,"column":16},"end":{"line":42,"column":37}},"16":{"start":{"line":46,"column":4},"end":{"line":50,"column":6}},"17":{"start":{"line":47,"column":8},"end":{"line":47,"column":42}},"18":{"start":{"line":49,"column":8},"end":{"line":49,"column":35}},"19":{"start":{"line":53,"column":0},"end":{"line":53,"column":28}}},"branchMap":{"1":{"line":13,"type":"binary-expr","locations":[{"start":{"line":13,"column":21},"end":{"line":13,"column":35}},{"start":{"line":13,"column":39},"end":{"line":13,"column":59}}]},"2":{"line":18,"type":"if","locations":[{"start":{"line":18,"column":8},"end":{"line":18,"column":8}},{"start":{"line":18,"column":8},"end":{"line":18,"column":8}}]},"3":{"line":18,"type":"binary-expr","locations":[{"start":{"line":18,"column":11},"end":{"line":18,"column":14}},{"start":{"line":19,"column":13},"end":{"line":19,"column":42}},{"start":{"line":21,"column":12},"end":{"line":21,"column":35}}]},"4":{"line":32,"type":"if","locations":[{"start":{"line":32,"column":16},"end":{"line":32,"column":16}},{"start":{"line":32,"column":16},"end":{"line":32,"column":16}}]},"5":{"line":37,"type":"if","locations":[{"start":{"line":37,"column":16},"end":{"line":37,"column":16}},{"start":{"line":37,"column":16},"end":{"line":37,"column":16}}]},"6":{"line":37,"type":"binary-expr","locations":[{"start":{"line":37,"column":20},"end":{"line":37,"column":36}},{"start":{"line":37,"column":40},"end":{"line":37,"column":57}}]}}}}