{"/opt/comentarismoanalytics/utils.js":{"path":"/opt/comentarismoanalytics/utils.js","s":{"1":1,"2":0,"3":0,"4":0,"5":0,"6":0,"7":0,"8":0,"9":0,"10":0,"11":0,"12":0,"13":0,"14":0,"15":0,"16":0,"17":0,"18":0,"19":0,"20":0,"21":0,"22":0,"23":0,"24":0,"25":0,"26":0,"27":0,"28":0,"29":0,"30":0,"31":0,"32":0,"33":0,"34":0,"35":0,"36":0,"37":0,"38":0,"39":0,"40":0,"41":0,"42":0,"43":0,"44":0,"45":0,"46":1,"47":0,"48":0,"49":0,"50":0,"51":0,"52":0,"53":0,"54":0,"55":1,"56":0,"57":0,"58":0,"59":0,"60":0,"61":0,"62":0,"63":0,"64":0,"65":0,"66":0,"67":0,"68":0,"69":0,"70":0,"71":0,"72":1},"b":{"1":[0,0],"2":[0,0],"3":[0,0],"4":[0,0],"5":[0,0],"6":[0,0],"7":[0,0],"8":[0,0],"9":[0,0],"10":[0,0],"11":[0,0],"12":[0,0],"13":[0,0],"14":[0,0],"15":[0,0],"16":[0,0],"17":[0,0],"18":[0,0]},"f":{"1":0,"2":0,"3":0},"fnMap":{"1":{"name":"printErrorMsg","line":1,"loc":{"start":{"line":1,"column":0},"end":{"line":9,"column":49}}},"2":{"name":"dumpError","line":67,"loc":{"start":{"line":67,"column":16},"end":{"line":67,"column":40}}},"3":{"name":"(anonymous_3)","line":85,"loc":{"start":{"line":85,"column":23},"end":{"line":85,"column":49}}}},"statementMap":{"1":{"start":{"line":1,"column":0},"end":{"line":61,"column":1}},"2":{"start":{"line":11,"column":4},"end":{"line":11,"column":30}},"3":{"start":{"line":12,"column":4},"end":{"line":12,"column":42}},"4":{"start":{"line":13,"column":4},"end":{"line":13,"column":40}},"5":{"start":{"line":14,"column":4},"end":{"line":14,"column":40}},"6":{"start":{"line":15,"column":4},"end":{"line":15,"column":38}},"7":{"start":{"line":16,"column":4},"end":{"line":16,"column":32}},"8":{"start":{"line":17,"column":4},"end":{"line":17,"column":32}},"9":{"start":{"line":18,"column":4},"end":{"line":18,"column":44}},"10":{"start":{"line":19,"column":4},"end":{"line":19,"column":60}},"11":{"start":{"line":21,"column":4},"end":{"line":21,"column":23}},"12":{"start":{"line":23,"column":4},"end":{"line":23,"column":50}},"13":{"start":{"line":25,"column":4},"end":{"line":52,"column":5}},"14":{"start":{"line":26,"column":8},"end":{"line":26,"column":60}},"15":{"start":{"line":27,"column":8},"end":{"line":27,"column":33}},"16":{"start":{"line":28,"column":11},"end":{"line":52,"column":5}},"17":{"start":{"line":29,"column":8},"end":{"line":29,"column":72}},"18":{"start":{"line":30,"column":8},"end":{"line":30,"column":39}},"19":{"start":{"line":31,"column":11},"end":{"line":52,"column":5}},"20":{"start":{"line":32,"column":8},"end":{"line":32,"column":70}},"21":{"start":{"line":33,"column":8},"end":{"line":33,"column":38}},"22":{"start":{"line":34,"column":11},"end":{"line":52,"column":5}},"23":{"start":{"line":35,"column":8},"end":{"line":35,"column":70}},"24":{"start":{"line":36,"column":8},"end":{"line":36,"column":38}},"25":{"start":{"line":37,"column":11},"end":{"line":52,"column":5}},"26":{"start":{"line":38,"column":8},"end":{"line":38,"column":68}},"27":{"start":{"line":39,"column":8},"end":{"line":39,"column":37}},"28":{"start":{"line":40,"column":11},"end":{"line":52,"column":5}},"29":{"start":{"line":41,"column":8},"end":{"line":41,"column":62}},"30":{"start":{"line":42,"column":8},"end":{"line":42,"column":34}},"31":{"start":{"line":43,"column":11},"end":{"line":52,"column":5}},"32":{"start":{"line":44,"column":8},"end":{"line":44,"column":62}},"33":{"start":{"line":45,"column":8},"end":{"line":45,"column":34}},"34":{"start":{"line":46,"column":11},"end":{"line":52,"column":5}},"35":{"start":{"line":47,"column":8},"end":{"line":47,"column":74}},"36":{"start":{"line":48,"column":8},"end":{"line":48,"column":40}},"37":{"start":{"line":49,"column":11},"end":{"line":52,"column":5}},"38":{"start":{"line":50,"column":8},"end":{"line":50,"column":90}},"39":{"start":{"line":51,"column":8},"end":{"line":51,"column":48}},"40":{"start":{"line":54,"column":4},"end":{"line":54,"column":80}},"41":{"start":{"line":55,"column":4},"end":{"line":55,"column":50}},"42":{"start":{"line":56,"column":4},"end":{"line":56,"column":36}},"43":{"start":{"line":57,"column":4},"end":{"line":57,"column":50}},"44":{"start":{"line":58,"column":4},"end":{"line":58,"column":103}},"45":{"start":{"line":60,"column":4},"end":{"line":60,"column":21}},"46":{"start":{"line":67,"column":0},"end":{"line":80,"column":2}},"47":{"start":{"line":68,"column":4},"end":{"line":79,"column":5}},"48":{"start":{"line":69,"column":8},"end":{"line":71,"column":9}},"49":{"start":{"line":70,"column":12},"end":{"line":70,"column":52}},"50":{"start":{"line":72,"column":8},"end":{"line":76,"column":9}},"51":{"start":{"line":73,"column":12},"end":{"line":73,"column":40}},"52":{"start":{"line":74,"column":12},"end":{"line":74,"column":47}},"53":{"start":{"line":75,"column":12},"end":{"line":75,"column":35}},"54":{"start":{"line":78,"column":8},"end":{"line":78,"column":62}},"55":{"start":{"line":85,"column":0},"end":{"line":112,"column":1}},"56":{"start":{"line":86,"column":4},"end":{"line":86,"column":22}},"57":{"start":{"line":87,"column":4},"end":{"line":90,"column":5}},"58":{"start":{"line":88,"column":8},"end":{"line":88,"column":70}},"59":{"start":{"line":89,"column":8},"end":{"line":89,"column":21}},"60":{"start":{"line":91,"column":4},"end":{"line":94,"column":5}},"61":{"start":{"line":92,"column":8},"end":{"line":92,"column":92}},"62":{"start":{"line":93,"column":8},"end":{"line":93,"column":21}},"63":{"start":{"line":95,"column":4},"end":{"line":98,"column":5}},"64":{"start":{"line":96,"column":8},"end":{"line":96,"column":119}},"65":{"start":{"line":97,"column":8},"end":{"line":97,"column":21}},"66":{"start":{"line":99,"column":4},"end":{"line":101,"column":5}},"67":{"start":{"line":100,"column":8},"end":{"line":100,"column":63}},"68":{"start":{"line":103,"column":4},"end":{"line":103,"column":51}},"69":{"start":{"line":106,"column":4},"end":{"line":111,"column":5}},"70":{"start":{"line":107,"column":8},"end":{"line":107,"column":22}},"71":{"start":{"line":110,"column":8},"end":{"line":110,"column":15}},"72":{"start":{"line":115,"column":0},"end":{"line":119,"column":1}}},"branchMap":{"1":{"line":25,"type":"if","locations":[{"start":{"line":25,"column":4},"end":{"line":25,"column":4}},{"start":{"line":25,"column":4},"end":{"line":25,"column":4}}]},"2":{"line":28,"type":"if","locations":[{"start":{"line":28,"column":11},"end":{"line":28,"column":11}},{"start":{"line":28,"column":11},"end":{"line":28,"column":11}}]},"3":{"line":31,"type":"if","locations":[{"start":{"line":31,"column":11},"end":{"line":31,"column":11}},{"start":{"line":31,"column":11},"end":{"line":31,"column":11}}]},"4":{"line":34,"type":"if","locations":[{"start":{"line":34,"column":11},"end":{"line":34,"column":11}},{"start":{"line":34,"column":11},"end":{"line":34,"column":11}}]},"5":{"line":37,"type":"if","locations":[{"start":{"line":37,"column":11},"end":{"line":37,"column":11}},{"start":{"line":37,"column":11},"end":{"line":37,"column":11}}]},"6":{"line":40,"type":"if","locations":[{"start":{"line":40,"column":11},"end":{"line":40,"column":11}},{"start":{"line":40,"column":11},"end":{"line":40,"column":11}}]},"7":{"line":43,"type":"if","locations":[{"start":{"line":43,"column":11},"end":{"line":43,"column":11}},{"start":{"line":43,"column":11},"end":{"line":43,"column":11}}]},"8":{"line":46,"type":"if","locations":[{"start":{"line":46,"column":11},"end":{"line":46,"column":11}},{"start":{"line":46,"column":11},"end":{"line":46,"column":11}}]},"9":{"line":49,"type":"if","locations":[{"start":{"line":49,"column":11},"end":{"line":49,"column":11}},{"start":{"line":49,"column":11},"end":{"line":49,"column":11}}]},"10":{"line":68,"type":"if","locations":[{"start":{"line":68,"column":4},"end":{"line":68,"column":4}},{"start":{"line":68,"column":4},"end":{"line":68,"column":4}}]},"11":{"line":69,"type":"if","locations":[{"start":{"line":69,"column":8},"end":{"line":69,"column":8}},{"start":{"line":69,"column":8},"end":{"line":69,"column":8}}]},"12":{"line":72,"type":"if","locations":[{"start":{"line":72,"column":8},"end":{"line":72,"column":8}},{"start":{"line":72,"column":8},"end":{"line":72,"column":8}}]},"13":{"line":87,"type":"if","locations":[{"start":{"line":87,"column":4},"end":{"line":87,"column":4}},{"start":{"line":87,"column":4},"end":{"line":87,"column":4}}]},"14":{"line":91,"type":"if","locations":[{"start":{"line":91,"column":4},"end":{"line":91,"column":4}},{"start":{"line":91,"column":4},"end":{"line":91,"column":4}}]},"15":{"line":95,"type":"if","locations":[{"start":{"line":95,"column":4},"end":{"line":95,"column":4}},{"start":{"line":95,"column":4},"end":{"line":95,"column":4}}]},"16":{"line":99,"type":"if","locations":[{"start":{"line":99,"column":4},"end":{"line":99,"column":4}},{"start":{"line":99,"column":4},"end":{"line":99,"column":4}}]},"17":{"line":106,"type":"if","locations":[{"start":{"line":106,"column":4},"end":{"line":106,"column":4}},{"start":{"line":106,"column":4},"end":{"line":106,"column":4}}]},"18":{"line":106,"type":"binary-expr","locations":[{"start":{"line":106,"column":8},"end":{"line":106,"column":13}},{"start":{"line":106,"column":18},"end":{"line":106,"column":41}}]}}},"/opt/comentarismoanalytics/app.js":{"path":"/opt/comentarismoanalytics/app.js","s":{"1":0,"2":0,"3":0,"4":0,"5":0,"6":0,"7":0,"8":0,"9":0,"10":0,"11":0,"12":0,"13":0,"14":0,"15":0,"16":0,"17":0,"18":0,"19":0,"20":0,"21":0,"22":0,"23":0,"24":0,"25":0,"26":0,"27":0,"28":0,"29":0,"30":0,"31":0,"32":0,"33":0,"34":0,"35":0,"36":0,"37":0,"38":0,"39":0,"40":0,"41":0,"42":0,"43":0,"44":0,"45":0,"46":0,"47":0,"48":0,"49":0,"50":0,"51":0,"52":0,"53":0,"54":0,"55":0,"56":0,"57":0,"58":0,"59":0,"60":0,"61":0,"62":0,"63":0,"64":0,"65":0,"66":0,"67":0,"68":0,"69":0},"b":{"1":[0,0],"2":[0,0],"3":[0,0],"4":[0,0],"5":[0,0],"6":[0,0],"7":[0,0],"8":[0,0],"9":[0,0],"10":[0,0],"11":[0,0],"12":[0,0],"13":[0,0],"14":[0,0],"15":[0,0],"16":[0,0],"17":[0,0],"18":[0,0],"19":[0,0]},"f":{"1":0,"2":0,"3":0,"4":0,"5":0,"6":0,"7":0,"8":0,"9":0},"fnMap":{"1":{"name":"(anonymous_1)","line":65,"loc":{"start":{"line":65,"column":20},"end":{"line":65,"column":39}}},"2":{"name":"(anonymous_2)","line":84,"loc":{"start":{"line":84,"column":21},"end":{"line":84,"column":33}}},"3":{"name":"(anonymous_3)","line":89,"loc":{"start":{"line":89,"column":19},"end":{"line":89,"column":34}}},"4":{"name":"(anonymous_4)","line":117,"loc":{"start":{"line":117,"column":53},"end":{"line":117,"column":74}}},"5":{"name":"limiterhandler","line":125,"loc":{"start":{"line":125,"column":0},"end":{"line":125,"column":34}}},"6":{"name":"(anonymous_6)","line":137,"loc":{"start":{"line":137,"column":22},"end":{"line":137,"column":42}}},"7":{"name":"(anonymous_7)","line":143,"loc":{"start":{"line":143,"column":26},"end":{"line":143,"column":43}}},"8":{"name":"(anonymous_8)","line":150,"loc":{"start":{"line":150,"column":14},"end":{"line":150,"column":26}}},"9":{"name":"(anonymous_9)","line":153,"loc":{"start":{"line":153,"column":14},"end":{"line":153,"column":26}}}},"statementMap":{"1":{"start":{"line":7,"column":0},"end":{"line":7,"column":38}},"2":{"start":{"line":8,"column":0},"end":{"line":8,"column":29}},"3":{"start":{"line":9,"column":0},"end":{"line":9,"column":34}},"4":{"start":{"line":11,"column":0},"end":{"line":11,"column":33}},"5":{"start":{"line":12,"column":0},"end":{"line":12,"column":31}},"6":{"start":{"line":14,"column":0},"end":{"line":14,"column":47}},"7":{"start":{"line":16,"column":0},"end":{"line":16,"column":54}},"8":{"start":{"line":17,"column":0},"end":{"line":17,"column":60}},"9":{"start":{"line":18,"column":0},"end":{"line":18,"column":57}},"10":{"start":{"line":19,"column":0},"end":{"line":19,"column":52}},"11":{"start":{"line":21,"column":0},"end":{"line":21,"column":61}},"12":{"start":{"line":23,"column":0},"end":{"line":23,"column":52}},"13":{"start":{"line":24,"column":0},"end":{"line":24,"column":48}},"14":{"start":{"line":25,"column":0},"end":{"line":25,"column":54}},"15":{"start":{"line":26,"column":0},"end":{"line":26,"column":44}},"16":{"start":{"line":28,"column":0},"end":{"line":28,"column":109}},"17":{"start":{"line":30,"column":0},"end":{"line":30,"column":36}},"18":{"start":{"line":32,"column":0},"end":{"line":35,"column":46}},"19":{"start":{"line":37,"column":0},"end":{"line":37,"column":20}},"20":{"start":{"line":39,"column":0},"end":{"line":39,"column":20}},"21":{"start":{"line":40,"column":0},"end":{"line":40,"column":22}},"22":{"start":{"line":45,"column":0},"end":{"line":54,"column":3}},"23":{"start":{"line":56,"column":0},"end":{"line":56,"column":29}},"24":{"start":{"line":57,"column":0},"end":{"line":57,"column":62}},"25":{"start":{"line":58,"column":0},"end":{"line":58,"column":52}},"26":{"start":{"line":59,"column":0},"end":{"line":59,"column":54}},"27":{"start":{"line":60,"column":0},"end":{"line":60,"column":53}},"28":{"start":{"line":63,"column":0},"end":{"line":82,"column":3}},"29":{"start":{"line":67,"column":8},"end":{"line":70,"column":9}},"30":{"start":{"line":69,"column":12},"end":{"line":69,"column":66}},"31":{"start":{"line":71,"column":8},"end":{"line":74,"column":9}},"32":{"start":{"line":73,"column":12},"end":{"line":73,"column":53}},"33":{"start":{"line":75,"column":8},"end":{"line":78,"column":9}},"34":{"start":{"line":77,"column":12},"end":{"line":77,"column":29}},"35":{"start":{"line":80,"column":8},"end":{"line":80,"column":53}},"36":{"start":{"line":84,"column":0},"end":{"line":87,"column":3}},"37":{"start":{"line":85,"column":4},"end":{"line":85,"column":80}},"38":{"start":{"line":86,"column":4},"end":{"line":86,"column":52}},"39":{"start":{"line":89,"column":0},"end":{"line":91,"column":3}},"40":{"start":{"line":90,"column":4},"end":{"line":90,"column":32}},"41":{"start":{"line":93,"column":0},"end":{"line":93,"column":48}},"42":{"start":{"line":94,"column":0},"end":{"line":94,"column":42}},"43":{"start":{"line":96,"column":0},"end":{"line":96,"column":49}},"44":{"start":{"line":97,"column":0},"end":{"line":97,"column":43}},"45":{"start":{"line":98,"column":0},"end":{"line":98,"column":46}},"46":{"start":{"line":100,"column":0},"end":{"line":108,"column":3}},"47":{"start":{"line":112,"column":0},"end":{"line":112,"column":25}},"48":{"start":{"line":113,"column":0},"end":{"line":113,"column":27}},"49":{"start":{"line":115,"column":0},"end":{"line":115,"column":19}},"50":{"start":{"line":116,"column":0},"end":{"line":116,"column":23}},"51":{"start":{"line":117,"column":0},"end":{"line":123,"column":3}},"52":{"start":{"line":118,"column":4},"end":{"line":122,"column":5}},"53":{"start":{"line":119,"column":8},"end":{"line":119,"column":25}},"54":{"start":{"line":121,"column":8},"end":{"line":121,"column":57}},"55":{"start":{"line":125,"column":0},"end":{"line":157,"column":1}},"56":{"start":{"line":126,"column":4},"end":{"line":126,"column":47}},"57":{"start":{"line":127,"column":4},"end":{"line":127,"column":26}},"58":{"start":{"line":128,"column":4},"end":{"line":128,"column":45}},"59":{"start":{"line":131,"column":4},"end":{"line":147,"column":7}},"60":{"start":{"line":138,"column":8},"end":{"line":146,"column":9}},"61":{"start":{"line":140,"column":12},"end":{"line":145,"column":14}},"62":{"start":{"line":149,"column":4},"end":{"line":156,"column":7}},"63":{"start":{"line":151,"column":12},"end":{"line":151,"column":43}},"64":{"start":{"line":154,"column":12},"end":{"line":154,"column":118}},"65":{"start":{"line":159,"column":0},"end":{"line":159,"column":17}},"66":{"start":{"line":160,"column":0},"end":{"line":160,"column":36}},"67":{"start":{"line":163,"column":0},"end":{"line":163,"column":24}},"68":{"start":{"line":165,"column":0},"end":{"line":165,"column":17}},"69":{"start":{"line":166,"column":0},"end":{"line":166,"column":51}}},"branchMap":{"1":{"line":14,"type":"binary-expr","locations":[{"start":{"line":14,"column":20},"end":{"line":14,"column":37}},{"start":{"line":14,"column":41},"end":{"line":14,"column":46}}]},"2":{"line":16,"type":"binary-expr","locations":[{"start":{"line":16,"column":19},"end":{"line":16,"column":43}},{"start":{"line":16,"column":47},"end":{"line":16,"column":53}}]},"3":{"line":17,"type":"binary-expr","locations":[{"start":{"line":17,"column":21},"end":{"line":17,"column":47}},{"start":{"line":17,"column":51},"end":{"line":17,"column":59}}]},"4":{"line":18,"type":"binary-expr","locations":[{"start":{"line":18,"column":21},"end":{"line":18,"column":47}},{"start":{"line":18,"column":51},"end":{"line":18,"column":56}}]},"5":{"line":19,"type":"binary-expr","locations":[{"start":{"line":19,"column":20},"end":{"line":19,"column":45}},{"start":{"line":19,"column":49},"end":{"line":19,"column":51}}]},"6":{"line":21,"type":"binary-expr","locations":[{"start":{"line":21,"column":24},"end":{"line":21,"column":53}},{"start":{"line":21,"column":57},"end":{"line":21,"column":60}}]},"7":{"line":23,"type":"binary-expr","locations":[{"start":{"line":23,"column":17},"end":{"line":23,"column":39}},{"start":{"line":23,"column":43},"end":{"line":23,"column":51}}]},"8":{"line":24,"type":"binary-expr","locations":[{"start":{"line":24,"column":17},"end":{"line":24,"column":39}},{"start":{"line":24,"column":43},"end":{"line":24,"column":47}}]},"9":{"line":25,"type":"binary-expr","locations":[{"start":{"line":25,"column":21},"end":{"line":25,"column":47}},{"start":{"line":25,"column":51},"end":{"line":25,"column":53}}]},"10":{"line":30,"type":"binary-expr","locations":[{"start":{"line":30,"column":11},"end":{"line":30,"column":27}},{"start":{"line":30,"column":31},"end":{"line":30,"column":35}}]},"11":{"line":67,"type":"if","locations":[{"start":{"line":67,"column":8},"end":{"line":67,"column":8}},{"start":{"line":67,"column":8},"end":{"line":67,"column":8}}]},"12":{"line":67,"type":"binary-expr","locations":[{"start":{"line":67,"column":12},"end":{"line":67,"column":25}},{"start":{"line":67,"column":29},"end":{"line":67,"column":66}}]},"13":{"line":71,"type":"if","locations":[{"start":{"line":71,"column":8},"end":{"line":71,"column":8}},{"start":{"line":71,"column":8},"end":{"line":71,"column":8}}]},"14":{"line":75,"type":"if","locations":[{"start":{"line":75,"column":8},"end":{"line":75,"column":8}},{"start":{"line":75,"column":8},"end":{"line":75,"column":8}}]},"15":{"line":96,"type":"binary-expr","locations":[{"start":{"line":96,"column":18},"end":{"line":96,"column":42}},{"start":{"line":96,"column":46},"end":{"line":96,"column":48}}]},"16":{"line":97,"type":"binary-expr","locations":[{"start":{"line":97,"column":15},"end":{"line":97,"column":36}},{"start":{"line":97,"column":40},"end":{"line":97,"column":42}}]},"17":{"line":98,"type":"binary-expr","locations":[{"start":{"line":98,"column":17},"end":{"line":98,"column":40}},{"start":{"line":98,"column":44},"end":{"line":98,"column":45}}]},"18":{"line":118,"type":"if","locations":[{"start":{"line":118,"column":4},"end":{"line":118,"column":4}},{"start":{"line":118,"column":4},"end":{"line":118,"column":4}}]},"19":{"line":138,"type":"if","locations":[{"start":{"line":138,"column":8},"end":{"line":138,"column":8}},{"start":{"line":138,"column":8},"end":{"line":138,"column":8}}]}}},"/opt/comentarismoanalytics/app/analytics.js":{"path":"/opt/comentarismoanalytics/app/analytics.js","s":{"1":0,"2":0,"3":0,"4":0,"5":0,"6":0,"7":0,"8":0,"9":0,"10":0,"11":0,"12":0,"13":0,"14":0,"15":0,"16":0,"17":0,"18":0,"19":0,"20":0,"21":0,"22":0,"23":0,"24":0,"25":0,"26":0,"27":0,"28":0,"29":0,"30":0,"31":0,"32":0,"33":0,"34":0,"35":0},"b":{"1":[0,0],"2":[0,0,0,0,0,0],"3":[0,0],"4":[0,0],"5":[0,0],"6":[0,0],"7":[0,0]},"f":{"1":0,"2":0,"3":0,"4":0,"5":0,"6":0},"fnMap":{"1":{"name":"(anonymous_1)","line":3,"loc":{"start":{"line":3,"column":17},"end":{"line":3,"column":61}}},"2":{"name":"(anonymous_2)","line":5,"loc":{"start":{"line":5,"column":66},"end":{"line":5,"column":86}}},"3":{"name":"(anonymous_3)","line":38,"loc":{"start":{"line":38,"column":31},"end":{"line":38,"column":46}}},"4":{"name":"persistView","line":56,"loc":{"start":{"line":56,"column":4},"end":{"line":56,"column":35}}},"5":{"name":"(anonymous_5)","line":65,"loc":{"start":{"line":65,"column":22},"end":{"line":65,"column":39}}},"6":{"name":"(anonymous_6)","line":67,"loc":{"start":{"line":67,"column":17},"end":{"line":67,"column":30}}}},"statementMap":{"1":{"start":{"line":1,"column":0},"end":{"line":1,"column":32}},"2":{"start":{"line":3,"column":0},"end":{"line":75,"column":1}},"3":{"start":{"line":5,"column":4},"end":{"line":54,"column":7}},"4":{"start":{"line":6,"column":8},"end":{"line":6,"column":44}},"5":{"start":{"line":7,"column":8},"end":{"line":15,"column":9}},"6":{"start":{"line":13,"column":12},"end":{"line":13,"column":66}},"7":{"start":{"line":14,"column":12},"end":{"line":14,"column":67}},"8":{"start":{"line":17,"column":8},"end":{"line":17,"column":31}},"9":{"start":{"line":18,"column":8},"end":{"line":21,"column":9}},"10":{"start":{"line":19,"column":12},"end":{"line":19,"column":57}},"11":{"start":{"line":20,"column":12},"end":{"line":20,"column":68}},"12":{"start":{"line":22,"column":8},"end":{"line":22,"column":22}},"13":{"start":{"line":24,"column":8},"end":{"line":24,"column":30}},"14":{"start":{"line":25,"column":8},"end":{"line":29,"column":9}},"15":{"start":{"line":26,"column":12},"end":{"line":26,"column":26}},"16":{"start":{"line":28,"column":12},"end":{"line":28,"column":58}},"17":{"start":{"line":31,"column":8},"end":{"line":31,"column":27}},"18":{"start":{"line":34,"column":8},"end":{"line":52,"column":9}},"19":{"start":{"line":35,"column":12},"end":{"line":35,"column":36}},"20":{"start":{"line":38,"column":12},"end":{"line":47,"column":15}},"21":{"start":{"line":39,"column":16},"end":{"line":45,"column":17}},"22":{"start":{"line":40,"column":20},"end":{"line":40,"column":61}},"23":{"start":{"line":41,"column":20},"end":{"line":41,"column":71}},"24":{"start":{"line":43,"column":20},"end":{"line":43,"column":59}},"25":{"start":{"line":44,"column":20},"end":{"line":44,"column":51}},"26":{"start":{"line":50,"column":12},"end":{"line":50,"column":69}},"27":{"start":{"line":51,"column":12},"end":{"line":51,"column":65}},"28":{"start":{"line":56,"column":4},"end":{"line":72,"column":5}},"29":{"start":{"line":57,"column":8},"end":{"line":57,"column":40}},"30":{"start":{"line":58,"column":8},"end":{"line":60,"column":9}},"31":{"start":{"line":59,"column":12},"end":{"line":59,"column":27}},"32":{"start":{"line":62,"column":8},"end":{"line":70,"column":11}},"33":{"start":{"line":66,"column":12},"end":{"line":66,"column":17}},"34":{"start":{"line":68,"column":12},"end":{"line":68,"column":38}},"35":{"start":{"line":69,"column":12},"end":{"line":69,"column":18}}},"branchMap":{"1":{"line":7,"type":"if","locations":[{"start":{"line":7,"column":8},"end":{"line":7,"column":8}},{"start":{"line":7,"column":8},"end":{"line":7,"column":8}}]},"2":{"line":7,"type":"binary-expr","locations":[{"start":{"line":7,"column":12},"end":{"line":7,"column":32}},{"start":{"line":8,"column":12},"end":{"line":8,"column":32}},{"start":{"line":9,"column":12},"end":{"line":9,"column":35}},{"start":{"line":10,"column":12},"end":{"line":10,"column":33}},{"start":{"line":11,"column":12},"end":{"line":11,"column":34}},{"start":{"line":12,"column":12},"end":{"line":12,"column":36}}]},"3":{"line":18,"type":"if","locations":[{"start":{"line":18,"column":8},"end":{"line":18,"column":8}},{"start":{"line":18,"column":8},"end":{"line":18,"column":8}}]},"4":{"line":25,"type":"if","locations":[{"start":{"line":25,"column":8},"end":{"line":25,"column":8}},{"start":{"line":25,"column":8},"end":{"line":25,"column":8}}]},"5":{"line":34,"type":"if","locations":[{"start":{"line":34,"column":8},"end":{"line":34,"column":8}},{"start":{"line":34,"column":8},"end":{"line":34,"column":8}}]},"6":{"line":39,"type":"if","locations":[{"start":{"line":39,"column":16},"end":{"line":39,"column":16}},{"start":{"line":39,"column":16},"end":{"line":39,"column":16}}]},"7":{"line":58,"type":"if","locations":[{"start":{"line":58,"column":8},"end":{"line":58,"column":8}},{"start":{"line":58,"column":8},"end":{"line":58,"column":8}}]}}},"/opt/comentarismoanalytics/app/routes.js":{"path":"/opt/comentarismoanalytics/app/routes.js","s":{"1":0,"2":0,"3":0,"4":0,"5":0,"6":0,"7":0,"8":0,"9":0},"b":{"1":[0,0]},"f":{"1":0,"2":0,"3":0},"fnMap":{"1":{"name":"(anonymous_1)","line":3,"loc":{"start":{"line":3,"column":17},"end":{"line":3,"column":32}}},"2":{"name":"(anonymous_2)","line":6,"loc":{"start":{"line":6,"column":52},"end":{"line":6,"column":77}}},"3":{"name":"(anonymous_3)","line":10,"loc":{"start":{"line":10,"column":19},"end":{"line":10,"column":39}}}},"statementMap":{"1":{"start":{"line":1,"column":0},"end":{"line":1,"column":36}},"2":{"start":{"line":3,"column":0},"end":{"line":16,"column":2}},"3":{"start":{"line":5,"column":4},"end":{"line":5,"column":18}},"4":{"start":{"line":6,"column":4},"end":{"line":8,"column":7}},"5":{"start":{"line":7,"column":8},"end":{"line":7,"column":48}},"6":{"start":{"line":10,"column":4},"end":{"line":14,"column":7}},"7":{"start":{"line":11,"column":8},"end":{"line":11,"column":55}},"8":{"start":{"line":12,"column":8},"end":{"line":12,"column":101}},"9":{"start":{"line":13,"column":8},"end":{"line":13,"column":27}}},"branchMap":{"1":{"line":1,"type":"binary-expr","locations":[{"start":{"line":1,"column":11},"end":{"line":1,"column":27}},{"start":{"line":1,"column":31},"end":{"line":1,"column":35}}]}}},"/opt/comentarismoanalytics/app/syntax.js":{"path":"/opt/comentarismoanalytics/app/syntax.js","s":{"1":0,"2":0,"3":0,"4":0,"5":0,"6":0,"7":0,"8":0,"9":0,"10":0,"11":0,"12":0,"13":0,"14":0,"15":0,"16":0,"17":0,"18":0,"19":0,"20":0,"21":0,"22":0,"23":0,"24":0,"25":0,"26":0,"27":0,"28":0,"29":0,"30":0,"31":0,"32":0,"33":0,"34":0,"35":0,"36":0,"37":0,"38":0,"39":0,"40":0,"41":0,"42":0,"43":0,"44":0,"45":0,"46":0},"b":{"1":[0,0],"2":[0,0,0,0,0,0],"3":[0,0],"4":[0,0],"5":[0,0],"6":[0,0],"7":[0,0],"8":[0,0],"9":[0,0],"10":[0,0],"11":[0,0],"12":[0,0],"13":[0,0],"14":[0,0],"15":[0,0],"16":[0,0],"17":[0,0],"18":[0,0]},"f":{"1":0,"2":0,"3":0},"fnMap":{"1":{"name":"(anonymous_1)","line":5,"loc":{"start":{"line":5,"column":17},"end":{"line":5,"column":55}}},"2":{"name":"(anonymous_2)","line":10,"loc":{"start":{"line":10,"column":63},"end":{"line":10,"column":83}}},"3":{"name":"processResponse","line":139,"loc":{"start":{"line":139,"column":8},"end":{"line":139,"column":43}}}},"statementMap":{"1":{"start":{"line":1,"column":0},"end":{"line":1,"column":32}},"2":{"start":{"line":2,"column":0},"end":{"line":2,"column":33}},"3":{"start":{"line":3,"column":0},"end":{"line":3,"column":44}},"4":{"start":{"line":5,"column":0},"end":{"line":146,"column":1}},"5":{"start":{"line":10,"column":4},"end":{"line":143,"column":7}},"6":{"start":{"line":11,"column":8},"end":{"line":19,"column":9}},"7":{"start":{"line":17,"column":12},"end":{"line":17,"column":75}},"8":{"start":{"line":18,"column":12},"end":{"line":18,"column":67}},"9":{"start":{"line":21,"column":8},"end":{"line":21,"column":29}},"10":{"start":{"line":22,"column":8},"end":{"line":25,"column":9}},"11":{"start":{"line":23,"column":12},"end":{"line":23,"column":65}},"12":{"start":{"line":24,"column":12},"end":{"line":24,"column":68}},"13":{"start":{"line":26,"column":8},"end":{"line":26,"column":54}},"14":{"start":{"line":35,"column":8},"end":{"line":37,"column":9}},"15":{"start":{"line":36,"column":12},"end":{"line":36,"column":63}},"16":{"start":{"line":42,"column":8},"end":{"line":136,"column":9}},"17":{"start":{"line":43,"column":12},"end":{"line":43,"column":58}},"18":{"start":{"line":44,"column":12},"end":{"line":44,"column":18}},"19":{"start":{"line":46,"column":15},"end":{"line":136,"column":9}},"20":{"start":{"line":47,"column":12},"end":{"line":47,"column":65}},"21":{"start":{"line":53,"column":13},"end":{"line":136,"column":9}},"22":{"start":{"line":54,"column":12},"end":{"line":54,"column":70}},"23":{"start":{"line":60,"column":13},"end":{"line":136,"column":9}},"24":{"start":{"line":61,"column":12},"end":{"line":61,"column":67}},"25":{"start":{"line":72,"column":13},"end":{"line":136,"column":9}},"26":{"start":{"line":73,"column":12},"end":{"line":73,"column":63}},"27":{"start":{"line":79,"column":13},"end":{"line":136,"column":9}},"28":{"start":{"line":80,"column":12},"end":{"line":80,"column":63}},"29":{"start":{"line":87,"column":13},"end":{"line":136,"column":9}},"30":{"start":{"line":88,"column":12},"end":{"line":88,"column":68}},"31":{"start":{"line":95,"column":13},"end":{"line":136,"column":9}},"32":{"start":{"line":96,"column":12},"end":{"line":96,"column":65}},"33":{"start":{"line":102,"column":13},"end":{"line":136,"column":9}},"34":{"start":{"line":103,"column":12},"end":{"line":103,"column":63}},"35":{"start":{"line":109,"column":13},"end":{"line":136,"column":9}},"36":{"start":{"line":110,"column":12},"end":{"line":110,"column":67}},"37":{"start":{"line":116,"column":13},"end":{"line":136,"column":9}},"38":{"start":{"line":117,"column":12},"end":{"line":117,"column":67}},"39":{"start":{"line":123,"column":13},"end":{"line":136,"column":9}},"40":{"start":{"line":124,"column":12},"end":{"line":124,"column":72}},"41":{"start":{"line":130,"column":13},"end":{"line":136,"column":9}},"42":{"start":{"line":131,"column":12},"end":{"line":131,"column":69}},"43":{"start":{"line":134,"column":12},"end":{"line":134,"column":74}},"44":{"start":{"line":135,"column":12},"end":{"line":135,"column":65}},"45":{"start":{"line":139,"column":8},"end":{"line":141,"column":9}},"46":{"start":{"line":140,"column":12},"end":{"line":140,"column":64}}},"branchMap":{"1":{"line":11,"type":"if","locations":[{"start":{"line":11,"column":8},"end":{"line":11,"column":8}},{"start":{"line":11,"column":8},"end":{"line":11,"column":8}}]},"2":{"line":11,"type":"binary-expr","locations":[{"start":{"line":11,"column":12},"end":{"line":11,"column":32}},{"start":{"line":12,"column":12},"end":{"line":12,"column":32}},{"start":{"line":13,"column":12},"end":{"line":13,"column":35}},{"start":{"line":14,"column":12},"end":{"line":14,"column":33}},{"start":{"line":15,"column":12},"end":{"line":15,"column":34}},{"start":{"line":16,"column":12},"end":{"line":16,"column":36}}]},"3":{"line":22,"type":"if","locations":[{"start":{"line":22,"column":8},"end":{"line":22,"column":8}},{"start":{"line":22,"column":8},"end":{"line":22,"column":8}}]},"4":{"line":22,"type":"binary-expr","locations":[{"start":{"line":22,"column":12},"end":{"line":22,"column":23}},{"start":{"line":22,"column":27},"end":{"line":22,"column":38}}]},"5":{"line":35,"type":"if","locations":[{"start":{"line":35,"column":8},"end":{"line":35,"column":8}},{"start":{"line":35,"column":8},"end":{"line":35,"column":8}}]},"6":{"line":42,"type":"if","locations":[{"start":{"line":42,"column":8},"end":{"line":42,"column":8}},{"start":{"line":42,"column":8},"end":{"line":42,"column":8}}]},"7":{"line":46,"type":"if","locations":[{"start":{"line":46,"column":15},"end":{"line":46,"column":15}},{"start":{"line":46,"column":15},"end":{"line":46,"column":15}}]},"8":{"line":53,"type":"if","locations":[{"start":{"line":53,"column":13},"end":{"line":53,"column":13}},{"start":{"line":53,"column":13},"end":{"line":53,"column":13}}]},"9":{"line":60,"type":"if","locations":[{"start":{"line":60,"column":13},"end":{"line":60,"column":13}},{"start":{"line":60,"column":13},"end":{"line":60,"column":13}}]},"10":{"line":72,"type":"if","locations":[{"start":{"line":72,"column":13},"end":{"line":72,"column":13}},{"start":{"line":72,"column":13},"end":{"line":72,"column":13}}]},"11":{"line":79,"type":"if","locations":[{"start":{"line":79,"column":13},"end":{"line":79,"column":13}},{"start":{"line":79,"column":13},"end":{"line":79,"column":13}}]},"12":{"line":87,"type":"if","locations":[{"start":{"line":87,"column":13},"end":{"line":87,"column":13}},{"start":{"line":87,"column":13},"end":{"line":87,"column":13}}]},"13":{"line":95,"type":"if","locations":[{"start":{"line":95,"column":13},"end":{"line":95,"column":13}},{"start":{"line":95,"column":13},"end":{"line":95,"column":13}}]},"14":{"line":102,"type":"if","locations":[{"start":{"line":102,"column":13},"end":{"line":102,"column":13}},{"start":{"line":102,"column":13},"end":{"line":102,"column":13}}]},"15":{"line":109,"type":"if","locations":[{"start":{"line":109,"column":13},"end":{"line":109,"column":13}},{"start":{"line":109,"column":13},"end":{"line":109,"column":13}}]},"16":{"line":116,"type":"if","locations":[{"start":{"line":116,"column":13},"end":{"line":116,"column":13}},{"start":{"line":116,"column":13},"end":{"line":116,"column":13}}]},"17":{"line":123,"type":"if","locations":[{"start":{"line":123,"column":13},"end":{"line":123,"column":13}},{"start":{"line":123,"column":13},"end":{"line":123,"column":13}}]},"18":{"line":130,"type":"if","locations":[{"start":{"line":130,"column":13},"end":{"line":130,"column":13}},{"start":{"line":130,"column":13},"end":{"line":130,"column":13}}]}}},"/opt/comentarismoanalytics/app/textinfo.js":{"path":"/opt/comentarismoanalytics/app/textinfo.js","s":{"1":0,"2":0,"3":0,"4":0,"5":0,"6":0,"7":0,"8":0,"9":0,"10":0,"11":0,"12":0,"13":0,"14":0,"15":0,"16":0,"17":0,"18":0,"19":0,"20":0,"21":0,"22":0,"23":0,"24":0,"25":0,"26":0,"27":0,"28":0,"29":0,"30":0,"31":0,"32":0,"33":0,"34":0,"35":0,"36":0,"37":0,"38":0,"39":0,"40":0,"41":0},"b":{"1":[0,0],"2":[0,0,0,0,0,0],"3":[0,0],"4":[0,0],"5":[0,0],"6":[0,0],"7":[0,0],"8":[0,0],"9":[0,0],"10":[0,0],"11":[0,0],"12":[0,0],"13":[0,0],"14":[0,0],"15":[0,0]},"f":{"1":0,"2":0,"3":0},"fnMap":{"1":{"name":"(anonymous_1)","line":5,"loc":{"start":{"line":5,"column":17},"end":{"line":5,"column":55}}},"2":{"name":"(anonymous_2)","line":12,"loc":{"start":{"line":12,"column":65},"end":{"line":12,"column":85}}},"3":{"name":"processResponse","line":124,"loc":{"start":{"line":124,"column":8},"end":{"line":124,"column":43}}}},"statementMap":{"1":{"start":{"line":1,"column":0},"end":{"line":1,"column":32}},"2":{"start":{"line":2,"column":0},"end":{"line":2,"column":30}},"3":{"start":{"line":3,"column":0},"end":{"line":3,"column":37}},"4":{"start":{"line":5,"column":0},"end":{"line":131,"column":1}},"5":{"start":{"line":12,"column":4},"end":{"line":128,"column":7}},"6":{"start":{"line":13,"column":8},"end":{"line":13,"column":43}},"7":{"start":{"line":14,"column":8},"end":{"line":22,"column":9}},"8":{"start":{"line":20,"column":12},"end":{"line":20,"column":75}},"9":{"start":{"line":21,"column":12},"end":{"line":21,"column":67}},"10":{"start":{"line":24,"column":8},"end":{"line":24,"column":29}},"11":{"start":{"line":25,"column":8},"end":{"line":28,"column":9}},"12":{"start":{"line":26,"column":12},"end":{"line":26,"column":65}},"13":{"start":{"line":27,"column":12},"end":{"line":27,"column":68}},"14":{"start":{"line":30,"column":8},"end":{"line":30,"column":47}},"15":{"start":{"line":32,"column":8},"end":{"line":32,"column":38}},"16":{"start":{"line":37,"column":8},"end":{"line":121,"column":9}},"17":{"start":{"line":38,"column":12},"end":{"line":38,"column":62}},"18":{"start":{"line":44,"column":13},"end":{"line":121,"column":9}},"19":{"start":{"line":45,"column":12},"end":{"line":45,"column":62}},"20":{"start":{"line":51,"column":13},"end":{"line":121,"column":9}},"21":{"start":{"line":52,"column":16},"end":{"line":52,"column":67}},"22":{"start":{"line":58,"column":13},"end":{"line":121,"column":9}},"23":{"start":{"line":59,"column":16},"end":{"line":59,"column":66}},"24":{"start":{"line":65,"column":13},"end":{"line":121,"column":9}},"25":{"start":{"line":66,"column":16},"end":{"line":66,"column":67}},"26":{"start":{"line":72,"column":13},"end":{"line":121,"column":9}},"27":{"start":{"line":73,"column":12},"end":{"line":73,"column":63}},"28":{"start":{"line":79,"column":13},"end":{"line":121,"column":9}},"29":{"start":{"line":80,"column":12},"end":{"line":80,"column":92}},"30":{"start":{"line":86,"column":13},"end":{"line":121,"column":9}},"31":{"start":{"line":87,"column":12},"end":{"line":87,"column":92}},"32":{"start":{"line":94,"column":13},"end":{"line":121,"column":9}},"33":{"start":{"line":95,"column":12},"end":{"line":95,"column":91}},"34":{"start":{"line":103,"column":13},"end":{"line":121,"column":9}},"35":{"start":{"line":104,"column":12},"end":{"line":104,"column":88}},"36":{"start":{"line":112,"column":13},"end":{"line":121,"column":9}},"37":{"start":{"line":113,"column":12},"end":{"line":113,"column":92}},"38":{"start":{"line":119,"column":12},"end":{"line":119,"column":85}},"39":{"start":{"line":120,"column":12},"end":{"line":120,"column":65}},"40":{"start":{"line":124,"column":8},"end":{"line":126,"column":9}},"41":{"start":{"line":125,"column":12},"end":{"line":125,"column":64}}},"branchMap":{"1":{"line":14,"type":"if","locations":[{"start":{"line":14,"column":8},"end":{"line":14,"column":8}},{"start":{"line":14,"column":8},"end":{"line":14,"column":8}}]},"2":{"line":14,"type":"binary-expr","locations":[{"start":{"line":14,"column":12},"end":{"line":14,"column":32}},{"start":{"line":15,"column":12},"end":{"line":15,"column":32}},{"start":{"line":16,"column":12},"end":{"line":16,"column":35}},{"start":{"line":17,"column":12},"end":{"line":17,"column":33}},{"start":{"line":18,"column":12},"end":{"line":18,"column":34}},{"start":{"line":19,"column":12},"end":{"line":19,"column":36}}]},"3":{"line":25,"type":"if","locations":[{"start":{"line":25,"column":8},"end":{"line":25,"column":8}},{"start":{"line":25,"column":8},"end":{"line":25,"column":8}}]},"4":{"line":25,"type":"binary-expr","locations":[{"start":{"line":25,"column":12},"end":{"line":25,"column":23}},{"start":{"line":25,"column":27},"end":{"line":25,"column":38}}]},"5":{"line":37,"type":"if","locations":[{"start":{"line":37,"column":8},"end":{"line":37,"column":8}},{"start":{"line":37,"column":8},"end":{"line":37,"column":8}}]},"6":{"line":44,"type":"if","locations":[{"start":{"line":44,"column":13},"end":{"line":44,"column":13}},{"start":{"line":44,"column":13},"end":{"line":44,"column":13}}]},"7":{"line":51,"type":"if","locations":[{"start":{"line":51,"column":13},"end":{"line":51,"column":13}},{"start":{"line":51,"column":13},"end":{"line":51,"column":13}}]},"8":{"line":58,"type":"if","locations":[{"start":{"line":58,"column":13},"end":{"line":58,"column":13}},{"start":{"line":58,"column":13},"end":{"line":58,"column":13}}]},"9":{"line":65,"type":"if","locations":[{"start":{"line":65,"column":13},"end":{"line":65,"column":13}},{"start":{"line":65,"column":13},"end":{"line":65,"column":13}}]},"10":{"line":72,"type":"if","locations":[{"start":{"line":72,"column":13},"end":{"line":72,"column":13}},{"start":{"line":72,"column":13},"end":{"line":72,"column":13}}]},"11":{"line":79,"type":"if","locations":[{"start":{"line":79,"column":13},"end":{"line":79,"column":13}},{"start":{"line":79,"column":13},"end":{"line":79,"column":13}}]},"12":{"line":86,"type":"if","locations":[{"start":{"line":86,"column":13},"end":{"line":86,"column":13}},{"start":{"line":86,"column":13},"end":{"line":86,"column":13}}]},"13":{"line":94,"type":"if","locations":[{"start":{"line":94,"column":13},"end":{"line":94,"column":13}},{"start":{"line":94,"column":13},"end":{"line":94,"column":13}}]},"14":{"line":103,"type":"if","locations":[{"start":{"line":103,"column":13},"end":{"line":103,"column":13}},{"start":{"line":103,"column":13},"end":{"line":103,"column":13}}]},"15":{"line":112,"type":"if","locations":[{"start":{"line":112,"column":13},"end":{"line":112,"column":13}},{"start":{"line":112,"column":13},"end":{"line":112,"column":13}}]}}},"/opt/comentarismoanalytics/app/twitter.js":{"path":"/opt/comentarismoanalytics/app/twitter.js","s":{"1":0,"2":0,"3":0,"4":0,"5":0,"6":0,"7":0,"8":0,"9":0,"10":0,"11":0,"12":0,"13":0,"14":0,"15":0,"16":0,"17":0,"18":0,"19":0,"20":0,"21":0,"22":0,"23":0,"24":0},"b":{"1":[0,0],"2":[0,0,0,0,0,0],"3":[0,0],"4":[0,0],"5":[0,0],"6":[0,0],"7":[0,0]},"f":{"1":0,"2":0,"3":0},"fnMap":{"1":{"name":"(anonymous_1)","line":4,"loc":{"start":{"line":4,"column":17},"end":{"line":4,"column":55}}},"2":{"name":"(anonymous_2)","line":11,"loc":{"start":{"line":11,"column":64},"end":{"line":11,"column":84}}},"3":{"name":"processResponse","line":58,"loc":{"start":{"line":58,"column":8},"end":{"line":58,"column":43}}}},"statementMap":{"1":{"start":{"line":1,"column":0},"end":{"line":1,"column":32}},"2":{"start":{"line":2,"column":0},"end":{"line":2,"column":37}},"3":{"start":{"line":4,"column":0},"end":{"line":65,"column":1}},"4":{"start":{"line":11,"column":4},"end":{"line":62,"column":7}},"5":{"start":{"line":12,"column":8},"end":{"line":12,"column":42}},"6":{"start":{"line":13,"column":8},"end":{"line":21,"column":9}},"7":{"start":{"line":19,"column":12},"end":{"line":19,"column":76}},"8":{"start":{"line":20,"column":12},"end":{"line":20,"column":67}},"9":{"start":{"line":23,"column":8},"end":{"line":23,"column":29}},"10":{"start":{"line":24,"column":8},"end":{"line":27,"column":9}},"11":{"start":{"line":25,"column":12},"end":{"line":25,"column":66}},"12":{"start":{"line":26,"column":12},"end":{"line":26,"column":68}},"13":{"start":{"line":32,"column":8},"end":{"line":55,"column":9}},"14":{"start":{"line":33,"column":12},"end":{"line":33,"column":83}},"15":{"start":{"line":34,"column":12},"end":{"line":34,"column":57}},"16":{"start":{"line":35,"column":12},"end":{"line":35,"column":45}},"17":{"start":{"line":41,"column":13},"end":{"line":55,"column":9}},"18":{"start":{"line":42,"column":12},"end":{"line":42,"column":92}},"19":{"start":{"line":48,"column":13},"end":{"line":55,"column":9}},"20":{"start":{"line":49,"column":12},"end":{"line":49,"column":88}},"21":{"start":{"line":53,"column":12},"end":{"line":53,"column":84}},"22":{"start":{"line":54,"column":12},"end":{"line":54,"column":65}},"23":{"start":{"line":58,"column":8},"end":{"line":60,"column":9}},"24":{"start":{"line":59,"column":12},"end":{"line":59,"column":64}}},"branchMap":{"1":{"line":13,"type":"if","locations":[{"start":{"line":13,"column":8},"end":{"line":13,"column":8}},{"start":{"line":13,"column":8},"end":{"line":13,"column":8}}]},"2":{"line":13,"type":"binary-expr","locations":[{"start":{"line":13,"column":12},"end":{"line":13,"column":32}},{"start":{"line":14,"column":12},"end":{"line":14,"column":32}},{"start":{"line":15,"column":12},"end":{"line":15,"column":35}},{"start":{"line":16,"column":12},"end":{"line":16,"column":33}},{"start":{"line":17,"column":12},"end":{"line":17,"column":34}},{"start":{"line":18,"column":12},"end":{"line":18,"column":36}}]},"3":{"line":24,"type":"if","locations":[{"start":{"line":24,"column":8},"end":{"line":24,"column":8}},{"start":{"line":24,"column":8},"end":{"line":24,"column":8}}]},"4":{"line":24,"type":"binary-expr","locations":[{"start":{"line":24,"column":12},"end":{"line":24,"column":23}},{"start":{"line":24,"column":27},"end":{"line":24,"column":38}}]},"5":{"line":32,"type":"if","locations":[{"start":{"line":32,"column":8},"end":{"line":32,"column":8}},{"start":{"line":32,"column":8},"end":{"line":32,"column":8}}]},"6":{"line":41,"type":"if","locations":[{"start":{"line":41,"column":13},"end":{"line":41,"column":13}},{"start":{"line":41,"column":13},"end":{"line":41,"column":13}}]},"7":{"line":48,"type":"if","locations":[{"start":{"line":48,"column":13},"end":{"line":48,"column":13}},{"start":{"line":48,"column":13},"end":{"line":48,"column":13}}]}}},"/opt/comentarismoanalytics/express-rate-limit.js":{"path":"/opt/comentarismoanalytics/express-rate-limit.js","s":{"1":0,"2":0,"3":0,"4":0,"5":0,"6":0,"7":0,"8":0,"9":0,"10":0,"11":0,"12":0,"13":0,"14":0,"15":0,"16":0,"17":0,"18":0,"19":0,"20":0,"21":0,"22":0,"23":0,"24":0,"25":0,"26":0,"27":0,"28":0,"29":0,"30":0,"31":0,"32":0,"33":0,"34":0,"35":0,"36":0,"37":0,"38":0,"39":0,"40":0,"41":0},"b":{"1":[0,0],"2":[0,0],"3":[0,0],"4":[0,0],"5":[0,0,0,0],"6":[0,0],"7":[0,0,0],"8":[0,0],"9":[0,0],"10":[0,0],"11":[0,0],"12":[0,0],"13":[0,0],"14":[0,0,0]},"f":{"1":0,"2":0,"3":0,"4":0,"5":0,"6":0,"7":0},"fnMap":{"1":{"name":"RateLimit","line":7,"loc":{"start":{"line":7,"column":0},"end":{"line":7,"column":28}}},"2":{"name":"(anonymous_2)","line":19,"loc":{"start":{"line":19,"column":22},"end":{"line":19,"column":47}}},"3":{"name":"(anonymous_3)","line":22,"loc":{"start":{"line":22,"column":17},"end":{"line":22,"column":48}}},"4":{"name":"(anonymous_4)","line":24,"loc":{"start":{"line":24,"column":22},"end":{"line":24,"column":34}}},"5":{"name":"(anonymous_5)","line":27,"loc":{"start":{"line":27,"column":22},"end":{"line":27,"column":34}}},"6":{"name":"rateLimit","line":44,"loc":{"start":{"line":44,"column":4},"end":{"line":44,"column":39}}},"7":{"name":"(anonymous_7)","line":65,"loc":{"start":{"line":65,"column":31},"end":{"line":65,"column":55}}}},"statementMap":{"1":{"start":{"line":4,"column":0},"end":{"line":4,"column":35}},"2":{"start":{"line":5,"column":0},"end":{"line":5,"column":25}},"3":{"start":{"line":7,"column":0},"end":{"line":107,"column":1}},"4":{"start":{"line":9,"column":4},"end":{"line":32,"column":7}},"5":{"start":{"line":20,"column":12},"end":{"line":20,"column":26}},"6":{"start":{"line":23,"column":12},"end":{"line":30,"column":15}},"7":{"start":{"line":25,"column":20},"end":{"line":25,"column":72}},"8":{"start":{"line":28,"column":20},"end":{"line":28,"column":84}},"9":{"start":{"line":35,"column":4},"end":{"line":37,"column":5}},"10":{"start":{"line":36,"column":8},"end":{"line":36,"column":51}},"11":{"start":{"line":39,"column":4},"end":{"line":41,"column":5}},"12":{"start":{"line":40,"column":8},"end":{"line":40,"column":85}},"13":{"start":{"line":44,"column":4},"end":{"line":99,"column":5}},"14":{"start":{"line":45,"column":8},"end":{"line":45,"column":51}},"15":{"start":{"line":48,"column":8},"end":{"line":58,"column":9}},"16":{"start":{"line":57,"column":12},"end":{"line":57,"column":26}},"17":{"start":{"line":59,"column":8},"end":{"line":59,"column":30}},"18":{"start":{"line":60,"column":8},"end":{"line":63,"column":9}},"19":{"start":{"line":62,"column":12},"end":{"line":62,"column":26}},"20":{"start":{"line":65,"column":8},"end":{"line":98,"column":11}},"21":{"start":{"line":66,"column":12},"end":{"line":68,"column":13}},"22":{"start":{"line":67,"column":16},"end":{"line":67,"column":33}},"23":{"start":{"line":70,"column":12},"end":{"line":73,"column":14}},"24":{"start":{"line":75,"column":12},"end":{"line":78,"column":13}},"25":{"start":{"line":76,"column":16},"end":{"line":76,"column":64}},"26":{"start":{"line":77,"column":16},"end":{"line":77,"column":80}},"27":{"start":{"line":79,"column":12},"end":{"line":79,"column":26}},"28":{"start":{"line":80,"column":12},"end":{"line":85,"column":13}},"29":{"start":{"line":81,"column":16},"end":{"line":81,"column":90}},"30":{"start":{"line":82,"column":16},"end":{"line":82,"column":26}},"31":{"start":{"line":84,"column":16},"end":{"line":84,"column":90}},"32":{"start":{"line":87,"column":12},"end":{"line":89,"column":13}},"33":{"start":{"line":88,"column":16},"end":{"line":88,"column":55}},"34":{"start":{"line":91,"column":12},"end":{"line":94,"column":13}},"35":{"start":{"line":92,"column":16},"end":{"line":92,"column":77}},"36":{"start":{"line":93,"column":16},"end":{"line":93,"column":47}},"37":{"start":{"line":96,"column":12},"end":{"line":96,"column":19}},"38":{"start":{"line":101,"column":4},"end":{"line":101,"column":68}},"39":{"start":{"line":104,"column":4},"end":{"line":104,"column":43}},"40":{"start":{"line":106,"column":4},"end":{"line":106,"column":21}},"41":{"start":{"line":109,"column":0},"end":{"line":109,"column":27}}},"branchMap":{"1":{"line":35,"type":"if","locations":[{"start":{"line":35,"column":4},"end":{"line":35,"column":4}},{"start":{"line":35,"column":4},"end":{"line":35,"column":4}}]},"2":{"line":35,"type":"binary-expr","locations":[{"start":{"line":35,"column":8},"end":{"line":35,"column":48}},{"start":{"line":35,"column":52},"end":{"line":35,"column":96}}]},"3":{"line":39,"type":"if","locations":[{"start":{"line":39,"column":4},"end":{"line":39,"column":4}},{"start":{"line":39,"column":4},"end":{"line":39,"column":4}}]},"4":{"line":48,"type":"if","locations":[{"start":{"line":48,"column":8},"end":{"line":48,"column":8}},{"start":{"line":48,"column":8},"end":{"line":48,"column":8}}]},"5":{"line":48,"type":"binary-expr","locations":[{"start":{"line":48,"column":12},"end":{"line":48,"column":20}},{"start":{"line":50,"column":16},"end":{"line":50,"column":51}},{"start":{"line":52,"column":16},"end":{"line":52,"column":50}},{"start":{"line":54,"column":16},"end":{"line":54,"column":55}}]},"6":{"line":60,"type":"if","locations":[{"start":{"line":60,"column":8},"end":{"line":60,"column":8}},{"start":{"line":60,"column":8},"end":{"line":60,"column":8}}]},"7":{"line":60,"type":"binary-expr","locations":[{"start":{"line":60,"column":12},"end":{"line":60,"column":15}},{"start":{"line":60,"column":19},"end":{"line":60,"column":21}},{"start":{"line":60,"column":25},"end":{"line":60,"column":55}}]},"8":{"line":66,"type":"if","locations":[{"start":{"line":66,"column":12},"end":{"line":66,"column":12}},{"start":{"line":66,"column":12},"end":{"line":66,"column":12}}]},"9":{"line":75,"type":"if","locations":[{"start":{"line":75,"column":12},"end":{"line":75,"column":12}},{"start":{"line":75,"column":12},"end":{"line":75,"column":12}}]},"10":{"line":80,"type":"if","locations":[{"start":{"line":80,"column":12},"end":{"line":80,"column":12}},{"start":{"line":80,"column":12},"end":{"line":80,"column":12}}]},"11":{"line":87,"type":"if","locations":[{"start":{"line":87,"column":12},"end":{"line":87,"column":12}},{"start":{"line":87,"column":12},"end":{"line":87,"column":12}}]},"12":{"line":87,"type":"binary-expr","locations":[{"start":{"line":87,"column":16},"end":{"line":87,"column":27}},{"start":{"line":87,"column":31},"end":{"line":87,"column":52}}]},"13":{"line":91,"type":"if","locations":[{"start":{"line":91,"column":12},"end":{"line":91,"column":12}},{"start":{"line":91,"column":12},"end":{"line":91,"column":12}}]},"14":{"line":91,"type":"binary-expr","locations":[{"start":{"line":91,"column":16},"end":{"line":91,"column":34}},{"start":{"line":91,"column":38},"end":{"line":91,"column":53}},{"start":{"line":91,"column":57},"end":{"line":91,"column":85}}]}}},"/opt/comentarismoanalytics/redis-store.js":{"path":"/opt/comentarismoanalytics/redis-store.js","s":{"1":0,"2":0,"3":0,"4":0,"5":0,"6":0,"7":0,"8":0,"9":0,"10":0,"11":0,"12":0,"13":0,"14":0,"15":0,"16":0,"17":0,"18":0,"19":0},"b":{"1":[0,0],"2":[0,0],"3":[0,0,0],"4":[0,0],"5":[0,0],"6":[0,0]},"f":{"1":0,"2":0,"3":0,"4":0},"fnMap":{"1":{"name":"(anonymous_1)","line":6,"loc":{"start":{"line":6,"column":17},"end":{"line":6,"column":36}}},"2":{"name":"(anonymous_2)","line":15,"loc":{"start":{"line":15,"column":16},"end":{"line":15,"column":35}}},"3":{"name":"(anonymous_3)","line":31,"loc":{"start":{"line":31,"column":18},"end":{"line":31,"column":42}}},"4":{"name":"(anonymous_4)","line":46,"loc":{"start":{"line":46,"column":20},"end":{"line":46,"column":35}}}},"statementMap":{"1":{"start":{"line":3,"column":0},"end":{"line":3,"column":35}},"2":{"start":{"line":4,"column":0},"end":{"line":4,"column":29}},"3":{"start":{"line":6,"column":0},"end":{"line":51,"column":2}},"4":{"start":{"line":7,"column":4},"end":{"line":10,"column":7}},"5":{"start":{"line":13,"column":4},"end":{"line":13,"column":60}},"6":{"start":{"line":15,"column":4},"end":{"line":44,"column":6}},"7":{"start":{"line":16,"column":8},"end":{"line":16,"column":42}},"8":{"start":{"line":18,"column":8},"end":{"line":26,"column":9}},"9":{"start":{"line":25,"column":12},"end":{"line":25,"column":32}},"10":{"start":{"line":28,"column":8},"end":{"line":43,"column":15}},"11":{"start":{"line":32,"column":16},"end":{"line":34,"column":17}},"12":{"start":{"line":33,"column":20},"end":{"line":33,"column":35}},"13":{"start":{"line":37,"column":16},"end":{"line":40,"column":17}},"14":{"start":{"line":39,"column":20},"end":{"line":39,"column":66}},"15":{"start":{"line":42,"column":16},"end":{"line":42,"column":37}},"16":{"start":{"line":46,"column":4},"end":{"line":50,"column":6}},"17":{"start":{"line":47,"column":8},"end":{"line":47,"column":42}},"18":{"start":{"line":49,"column":8},"end":{"line":49,"column":35}},"19":{"start":{"line":53,"column":0},"end":{"line":53,"column":28}}},"branchMap":{"1":{"line":13,"type":"binary-expr","locations":[{"start":{"line":13,"column":21},"end":{"line":13,"column":35}},{"start":{"line":13,"column":39},"end":{"line":13,"column":59}}]},"2":{"line":18,"type":"if","locations":[{"start":{"line":18,"column":8},"end":{"line":18,"column":8}},{"start":{"line":18,"column":8},"end":{"line":18,"column":8}}]},"3":{"line":18,"type":"binary-expr","locations":[{"start":{"line":18,"column":11},"end":{"line":18,"column":14}},{"start":{"line":19,"column":13},"end":{"line":19,"column":42}},{"start":{"line":21,"column":12},"end":{"line":21,"column":35}}]},"4":{"line":32,"type":"if","locations":[{"start":{"line":32,"column":16},"end":{"line":32,"column":16}},{"start":{"line":32,"column":16},"end":{"line":32,"column":16}}]},"5":{"line":37,"type":"if","locations":[{"start":{"line":37,"column":16},"end":{"line":37,"column":16}},{"start":{"line":37,"column":16},"end":{"line":37,"column":16}}]},"6":{"line":37,"type":"binary-expr","locations":[{"start":{"line":37,"column":20},"end":{"line":37,"column":36}},{"start":{"line":37,"column":40},"end":{"line":37,"column":57}}]}}}}