TN:
SF:/opt/comentarismoanalytics/utils.js
FN:1,printErrorMsg
FN:67,dumpError
FN:85,(anonymous_3)
FNF:3
FNH:0
FNDA:0,printErrorMsg
FNDA:0,dumpError
FNDA:0,(anonymous_3)
DA:1,1
DA:11,0
DA:12,0
DA:13,0
DA:14,0
DA:15,0
DA:16,0
DA:17,0
DA:18,0
DA:19,0
DA:21,0
DA:23,0
DA:25,0
DA:26,0
DA:27,0
DA:28,0
DA:29,0
DA:30,0
DA:31,0
DA:32,0
DA:33,0
DA:34,0
DA:35,0
DA:36,0
DA:37,0
DA:38,0
DA:39,0
DA:40,0
DA:41,0
DA:42,0
DA:43,0
DA:44,0
DA:45,0
DA:46,0
DA:47,0
DA:48,0
DA:49,0
DA:50,0
DA:51,0
DA:54,0
DA:55,0
DA:56,0
DA:57,0
DA:58,0
DA:60,0
DA:67,1
DA:68,0
DA:69,0
DA:70,0
DA:72,0
DA:73,0
DA:74,0
DA:75,0
DA:78,0
DA:85,1
DA:86,0
DA:87,0
DA:88,0
DA:89,0
DA:91,0
DA:92,0
DA:93,0
DA:95,0
DA:96,0
DA:97,0
DA:99,0
DA:100,0
DA:103,0
DA:106,0
DA:107,0
DA:110,0
DA:115,1
LF:72
LH:4
BRDA:25,1,0,0
BRDA:25,1,1,0
BRDA:28,2,0,0
BRDA:28,2,1,0
BRDA:31,3,0,0
BRDA:31,3,1,0
BRDA:34,4,0,0
BRDA:34,4,1,0
BRDA:37,5,0,0
BRDA:37,5,1,0
BRDA:40,6,0,0
BRDA:40,6,1,0
BRDA:43,7,0,0
BRDA:43,7,1,0
BRDA:46,8,0,0
BRDA:46,8,1,0
BRDA:49,9,0,0
BRDA:49,9,1,0
BRDA:68,10,0,0
BRDA:68,10,1,0
BRDA:69,11,0,0
BRDA:69,11,1,0
BRDA:72,12,0,0
BRDA:72,12,1,0
BRDA:87,13,0,0
BRDA:87,13,1,0
BRDA:91,14,0,0
BRDA:91,14,1,0
BRDA:95,15,0,0
BRDA:95,15,1,0
BRDA:99,16,0,0
BRDA:99,16,1,0
BRDA:106,17,0,0
BRDA:106,17,1,0
BRDA:106,18,0,0
BRDA:106,18,1,0
BRF:36
BRH:0
end_of_record
TN:
SF:/opt/comentarismoanalytics/app.js
FN:65,(anonymous_1)
FN:84,(anonymous_2)
FN:89,(anonymous_3)
FN:117,(anonymous_4)
FN:125,limiterhandler
FN:137,(anonymous_6)
FN:143,(anonymous_7)
FN:150,(anonymous_8)
FN:153,(anonymous_9)
FNF:9
FNH:0
FNDA:0,(anonymous_1)
FNDA:0,(anonymous_2)
FNDA:0,(anonymous_3)
FNDA:0,(anonymous_4)
FNDA:0,limiterhandler
FNDA:0,(anonymous_6)
FNDA:0,(anonymous_7)
FNDA:0,(anonymous_8)
FNDA:0,(anonymous_9)
DA:7,0
DA:8,0
DA:9,0
DA:11,0
DA:12,0
DA:14,0
DA:16,0
DA:17,0
DA:18,0
DA:19,0
DA:21,0
DA:23,0
DA:24,0
DA:25,0
DA:26,0
DA:28,0
DA:30,0
DA:32,0
DA:37,0
DA:39,0
DA:40,0
DA:45,0
DA:56,0
DA:57,0
DA:58,0
DA:59,0
DA:60,0
DA:63,0
DA:67,0
DA:69,0
DA:71,0
DA:73,0
DA:75,0
DA:77,0
DA:80,0
DA:84,0
DA:85,0
DA:86,0
DA:89,0
DA:90,0
DA:93,0
DA:94,0
DA:96,0
DA:97,0
DA:98,0
DA:100,0
DA:112,0
DA:113,0
DA:115,0
DA:116,0
DA:117,0
DA:118,0
DA:119,0
DA:121,0
DA:125,0
DA:126,0
DA:127,0
DA:128,0
DA:131,0
DA:138,0
DA:140,0
DA:149,0
DA:151,0
DA:154,0
DA:159,0
DA:160,0
DA:163,0
DA:165,0
DA:166,0
LF:69
LH:0
BRDA:14,1,0,0
BRDA:14,1,1,0
BRDA:16,2,0,0
BRDA:16,2,1,0
BRDA:17,3,0,0
BRDA:17,3,1,0
BRDA:18,4,0,0
BRDA:18,4,1,0
BRDA:19,5,0,0
BRDA:19,5,1,0
BRDA:21,6,0,0
BRDA:21,6,1,0
BRDA:23,7,0,0
BRDA:23,7,1,0
BRDA:24,8,0,0
BRDA:24,8,1,0
BRDA:25,9,0,0
BRDA:25,9,1,0
BRDA:30,10,0,0
BRDA:30,10,1,0
BRDA:67,11,0,0
BRDA:67,11,1,0
BRDA:67,12,0,0
BRDA:67,12,1,0
BRDA:71,13,0,0
BRDA:71,13,1,0
BRDA:75,14,0,0
BRDA:75,14,1,0
BRDA:96,15,0,0
BRDA:96,15,1,0
BRDA:97,16,0,0
BRDA:97,16,1,0
BRDA:98,17,0,0
BRDA:98,17,1,0
BRDA:118,18,0,0
BRDA:118,18,1,0
BRDA:138,19,0,0
BRDA:138,19,1,0
BRF:38
BRH:0
end_of_record
TN:
SF:/opt/comentarismoanalytics/app/analytics.js
FN:3,(anonymous_1)
FN:5,(anonymous_2)
FN:38,(anonymous_3)
FN:56,persistView
FN:65,(anonymous_5)
FN:67,(anonymous_6)
FNF:6
FNH:0
FNDA:0,(anonymous_1)
FNDA:0,(anonymous_2)
FNDA:0,(anonymous_3)
FNDA:0,persistView
FNDA:0,(anonymous_5)
FNDA:0,(anonymous_6)
DA:1,0
DA:3,0
DA:5,0
DA:6,0
DA:7,0
DA:13,0
DA:14,0
DA:17,0
DA:18,0
DA:19,0
DA:20,0
DA:22,0
DA:24,0
DA:25,0
DA:26,0
DA:28,0
DA:31,0
DA:34,0
DA:35,0
DA:38,0
DA:39,0
DA:40,0
DA:41,0
DA:43,0
DA:44,0
DA:50,0
DA:51,0
DA:56,0
DA:57,0
DA:58,0
DA:59,0
DA:62,0
DA:66,0
DA:68,0
DA:69,0
LF:35
LH:0
BRDA:7,1,0,0
BRDA:7,1,1,0
BRDA:7,2,0,0
BRDA:7,2,1,0
BRDA:7,2,2,0
BRDA:7,2,3,0
BRDA:7,2,4,0
BRDA:7,2,5,0
BRDA:18,3,0,0
BRDA:18,3,1,0
BRDA:25,4,0,0
BRDA:25,4,1,0
BRDA:34,5,0,0
BRDA:34,5,1,0
BRDA:39,6,0,0
BRDA:39,6,1,0
BRDA:58,7,0,0
BRDA:58,7,1,0
BRF:18
BRH:0
end_of_record
TN:
SF:/opt/comentarismoanalytics/app/routes.js
FN:3,(anonymous_1)
FN:6,(anonymous_2)
FN:10,(anonymous_3)
FNF:3
FNH:0
FNDA:0,(anonymous_1)
FNDA:0,(anonymous_2)
FNDA:0,(anonymous_3)
DA:1,0
DA:3,0
DA:5,0
DA:6,0
DA:7,0
DA:10,0
DA:11,0
DA:12,0
DA:13,0
LF:9
LH:0
BRDA:1,1,0,0
BRDA:1,1,1,0
BRF:2
BRH:0
end_of_record
TN:
SF:/opt/comentarismoanalytics/app/syntax.js
FN:5,(anonymous_1)
FN:10,(anonymous_2)
FN:139,processResponse
FNF:3
FNH:0
FNDA:0,(anonymous_1)
FNDA:0,(anonymous_2)
FNDA:0,processResponse
DA:1,0
DA:2,0
DA:3,0
DA:5,0
DA:10,0
DA:11,0
DA:17,0
DA:18,0
DA:21,0
DA:22,0
DA:23,0
DA:24,0
DA:26,0
DA:35,0
DA:36,0
DA:42,0
DA:43,0
DA:44,0
DA:46,0
DA:47,0
DA:53,0
DA:54,0
DA:60,0
DA:61,0
DA:72,0
DA:73,0
DA:79,0
DA:80,0
DA:87,0
DA:88,0
DA:95,0
DA:96,0
DA:102,0
DA:103,0
DA:109,0
DA:110,0
DA:116,0
DA:117,0
DA:123,0
DA:124,0
DA:130,0
DA:131,0
DA:134,0
DA:135,0
DA:139,0
DA:140,0
LF:46
LH:0
BRDA:11,1,0,0
BRDA:11,1,1,0
BRDA:11,2,0,0
BRDA:11,2,1,0
BRDA:11,2,2,0
BRDA:11,2,3,0
BRDA:11,2,4,0
BRDA:11,2,5,0
BRDA:22,3,0,0
BRDA:22,3,1,0
BRDA:22,4,0,0
BRDA:22,4,1,0
BRDA:35,5,0,0
BRDA:35,5,1,0
BRDA:42,6,0,0
BRDA:42,6,1,0
BRDA:46,7,0,0
BRDA:46,7,1,0
BRDA:53,8,0,0
BRDA:53,8,1,0
BRDA:60,9,0,0
BRDA:60,9,1,0
BRDA:72,10,0,0
BRDA:72,10,1,0
BRDA:79,11,0,0
BRDA:79,11,1,0
BRDA:87,12,0,0
BRDA:87,12,1,0
BRDA:95,13,0,0
BRDA:95,13,1,0
BRDA:102,14,0,0
BRDA:102,14,1,0
BRDA:109,15,0,0
BRDA:109,15,1,0
BRDA:116,16,0,0
BRDA:116,16,1,0
BRDA:123,17,0,0
BRDA:123,17,1,0
BRDA:130,18,0,0
BRDA:130,18,1,0
BRF:40
BRH:0
end_of_record
TN:
SF:/opt/comentarismoanalytics/app/textinfo.js
FN:5,(anonymous_1)
FN:12,(anonymous_2)
FN:124,processResponse
FNF:3
FNH:0
FNDA:0,(anonymous_1)
FNDA:0,(anonymous_2)
FNDA:0,processResponse
DA:1,0
DA:2,0
DA:3,0
DA:5,0
DA:12,0
DA:13,0
DA:14,0
DA:20,0
DA:21,0
DA:24,0
DA:25,0
DA:26,0
DA:27,0
DA:30,0
DA:32,0
DA:37,0
DA:38,0
DA:44,0
DA:45,0
DA:51,0
DA:52,0
DA:58,0
DA:59,0
DA:65,0
DA:66,0
DA:72,0
DA:73,0
DA:79,0
DA:80,0
DA:86,0
DA:87,0
DA:94,0
DA:95,0
DA:103,0
DA:104,0
DA:112,0
DA:113,0
DA:119,0
DA:120,0
DA:124,0
DA:125,0
LF:41
LH:0
BRDA:14,1,0,0
BRDA:14,1,1,0
BRDA:14,2,0,0
BRDA:14,2,1,0
BRDA:14,2,2,0
BRDA:14,2,3,0
BRDA:14,2,4,0
BRDA:14,2,5,0
BRDA:25,3,0,0
BRDA:25,3,1,0
BRDA:25,4,0,0
BRDA:25,4,1,0
BRDA:37,5,0,0
BRDA:37,5,1,0
BRDA:44,6,0,0
BRDA:44,6,1,0
BRDA:51,7,0,0
BRDA:51,7,1,0
BRDA:58,8,0,0
BRDA:58,8,1,0
BRDA:65,9,0,0
BRDA:65,9,1,0
BRDA:72,10,0,0
BRDA:72,10,1,0
BRDA:79,11,0,0
BRDA:79,11,1,0
BRDA:86,12,0,0
BRDA:86,12,1,0
BRDA:94,13,0,0
BRDA:94,13,1,0
BRDA:103,14,0,0
BRDA:103,14,1,0
BRDA:112,15,0,0
BRDA:112,15,1,0
BRF:34
BRH:0
end_of_record
TN:
SF:/opt/comentarismoanalytics/app/twitter.js
FN:4,(anonymous_1)
FN:11,(anonymous_2)
FN:58,processResponse
FNF:3
FNH:0
FNDA:0,(anonymous_1)
FNDA:0,(anonymous_2)
FNDA:0,processResponse
DA:1,0
DA:2,0
DA:4,0
DA:11,0
DA:12,0
DA:13,0
DA:19,0
DA:20,0
DA:23,0
DA:24,0
DA:25,0
DA:26,0
DA:32,0
DA:33,0
DA:34,0
DA:35,0
DA:41,0
DA:42,0
DA:48,0
DA:49,0
DA:53,0
DA:54,0
DA:58,0
DA:59,0
LF:24
LH:0
BRDA:13,1,0,0
BRDA:13,1,1,0
BRDA:13,2,0,0
BRDA:13,2,1,0
BRDA:13,2,2,0
BRDA:13,2,3,0
BRDA:13,2,4,0
BRDA:13,2,5,0
BRDA:24,3,0,0
BRDA:24,3,1,0
BRDA:24,4,0,0
BRDA:24,4,1,0
BRDA:32,5,0,0
BRDA:32,5,1,0
BRDA:41,6,0,0
BRDA:41,6,1,0
BRDA:48,7,0,0
BRDA:48,7,1,0
BRF:18
BRH:0
end_of_record
TN:
SF:/opt/comentarismoanalytics/express-rate-limit.js
FN:7,RateLimit
FN:19,(anonymous_2)
FN:22,(anonymous_3)
FN:24,(anonymous_4)
FN:27,(anonymous_5)
FN:44,rateLimit
FN:65,(anonymous_7)
FNF:7
FNH:0
FNDA:0,RateLimit
FNDA:0,(anonymous_2)
FNDA:0,(anonymous_3)
FNDA:0,(anonymous_4)
FNDA:0,(anonymous_5)
FNDA:0,rateLimit
FNDA:0,(anonymous_7)
DA:4,0
DA:5,0
DA:7,0
DA:9,0
DA:20,0
DA:23,0
DA:25,0
DA:28,0
DA:35,0
DA:36,0
DA:39,0
DA:40,0
DA:44,0
DA:45,0
DA:48,0
DA:57,0
DA:59,0
DA:60,0
DA:62,0
DA:65,0
DA:66,0
DA:67,0
DA:70,0
DA:75,0
DA:76,0
DA:77,0
DA:79,0
DA:80,0
DA:81,0
DA:82,0
DA:84,0
DA:87,0
DA:88,0
DA:91,0
DA:92,0
DA:93,0
DA:96,0
DA:101,0
DA:104,0
DA:106,0
DA:109,0
LF:41
LH:0
BRDA:35,1,0,0
BRDA:35,1,1,0
BRDA:35,2,0,0
BRDA:35,2,1,0
BRDA:39,3,0,0
BRDA:39,3,1,0
BRDA:48,4,0,0
BRDA:48,4,1,0
BRDA:48,5,0,0
BRDA:48,5,1,0
BRDA:48,5,2,0
BRDA:48,5,3,0
BRDA:60,6,0,0
BRDA:60,6,1,0
BRDA:60,7,0,0
BRDA:60,7,1,0
BRDA:60,7,2,0
BRDA:66,8,0,0
BRDA:66,8,1,0
BRDA:75,9,0,0
BRDA:75,9,1,0
BRDA:80,10,0,0
BRDA:80,10,1,0
BRDA:87,11,0,0
BRDA:87,11,1,0
BRDA:87,12,0,0
BRDA:87,12,1,0
BRDA:91,13,0,0
BRDA:91,13,1,0
BRDA:91,14,0,0
BRDA:91,14,1,0
BRDA:91,14,2,0
BRF:32
BRH:0
end_of_record
TN:
SF:/opt/comentarismoanalytics/redis-store.js
FN:6,(anonymous_1)
FN:15,(anonymous_2)
FN:31,(anonymous_3)
FN:46,(anonymous_4)
FNF:4
FNH:0
FNDA:0,(anonymous_1)
FNDA:0,(anonymous_2)
FNDA:0,(anonymous_3)
FNDA:0,(anonymous_4)
DA:3,0
DA:4,0
DA:6,0
DA:7,0
DA:13,0
DA:15,0
DA:16,0
DA:18,0
DA:25,0
DA:28,0
DA:32,0
DA:33,0
DA:37,0
DA:39,0
DA:42,0
DA:46,0
DA:47,0
DA:49,0
DA:53,0
LF:19
LH:0
BRDA:13,1,0,0
BRDA:13,1,1,0
BRDA:18,2,0,0
BRDA:18,2,1,0
BRDA:18,3,0,0
BRDA:18,3,1,0
BRDA:18,3,2,0
BRDA:32,4,0,0
BRDA:32,4,1,0
BRDA:37,5,0,0
BRDA:37,5,1,0
BRDA:37,6,0,0
BRDA:37,6,1,0
BRF:13
BRH:0
end_of_record
